{"/Users/ruxintay/Desktop/BuddyJet-Orbital2023/.eslintrc.js": {"path":"/Users/ruxintay/Desktop/BuddyJet-Orbital2023/.eslintrc.js","statementMap":{"0":{"start":{"line":1,"column":0},"end":{"line":35,"column":1}}},"fnMap":{},"branchMap":{},"s":{"0":0},"f":{},"b":{}}
,"/Users/ruxintay/Desktop/BuddyJet-Orbital2023/index.js": {"path":"/Users/ruxintay/Desktop/BuddyJet-Orbital2023/index.js","statementMap":{"0":{"start":{"line":10,"column":16},"end":{"line":10,"column":44}},"1":{"start":{"line":12,"column":2},"end":{"line":22,"column":4}}},"fnMap":{"0":{"name":"App","decl":{"start":{"line":9,"column":9},"end":{"line":9,"column":12}},"loc":{"start":{"line":9,"column":15},"end":{"line":23,"column":1}},"line":9}},"branchMap":{},"s":{"0":0,"1":0},"f":{"0":0},"b":{}}
,"/Users/ruxintay/Desktop/BuddyJet-Orbital2023/metro.config.js": {"path":"/Users/ruxintay/Desktop/BuddyJet-Orbital2023/metro.config.js","statementMap":{"0":{"start":{"line":2,"column":29},"end":{"line":2,"column":57}},"1":{"start":{"line":4,"column":0},"end":{"line":4,"column":45}}},"fnMap":{},"branchMap":{},"s":{"0":0,"1":0},"f":{},"b":{}}
,"/Users/ruxintay/Desktop/BuddyJet-Orbital2023/react-native.config.js": {"path":"/Users/ruxintay/Desktop/BuddyJet-Orbital2023/react-native.config.js","statementMap":{"0":{"start":{"line":1,"column":0},"end":{"line":7,"column":2}}},"fnMap":{},"branchMap":{},"s":{"0":0},"f":{},"b":{}}
,"/Users/ruxintay/Desktop/BuddyJet-Orbital2023/sum.jsx": {"path":"/Users/ruxintay/Desktop/BuddyJet-Orbital2023/sum.jsx","statementMap":{"0":{"start":{"line":7,"column":2},"end":{"line":7,"column":15}},"1":{"start":{"line":9,"column":0},"end":{"line":9,"column":21}}},"fnMap":{"0":{"name":"sum","decl":{"start":{"line":6,"column":9},"end":{"line":6,"column":12}},"loc":{"start":{"line":6,"column":19},"end":{"line":8,"column":1}},"line":6}},"branchMap":{},"s":{"0":1,"1":1},"f":{"0":1},"b":{},"_coverageSchema":"1a1c01bbd47fc00a2c39e90264f33305004495a9","hash":"508f76a3ee94127569181764614905f6ccb2e404"}
,"/Users/ruxintay/Desktop/BuddyJet-Orbital2023/app/_layout.jsx": {"path":"/Users/ruxintay/Desktop/BuddyJet-Orbital2023/app/_layout.jsx","statementMap":{"0":{"start":{"line":7,"column":19},"end":{"line":11,"column":4}},"1":{"start":{"line":13,"column":2},"end":{"line":15,"column":3}},"2":{"start":{"line":14,"column":4},"end":{"line":14,"column":16}},"3":{"start":{"line":17,"column":2},"end":{"line":22,"column":4}}},"fnMap":{"0":{"name":"Root","decl":{"start":{"line":5,"column":24},"end":{"line":5,"column":28}},"loc":{"start":{"line":5,"column":31},"end":{"line":23,"column":1}},"line":5}},"branchMap":{"0":{"loc":{"start":{"line":13,"column":2},"end":{"line":15,"column":3}},"type":"if","locations":[{"start":{"line":13,"column":2},"end":{"line":15,"column":3}},{"start":{},"end":{}}],"line":13}},"s":{"0":0,"1":0,"2":0,"3":0},"f":{"0":0},"b":{"0":[0,0]}}
,"/Users/ruxintay/Desktop/BuddyJet-Orbital2023/app/(authentication)/AccountCreated.jsx": {"path":"/Users/ruxintay/Desktop/BuddyJet-Orbital2023/app/(authentication)/AccountCreated.jsx","statementMap":{"0":{"start":{"line":9,"column":19},"end":{"line":9,"column":30}},"1":{"start":{"line":10,"column":4},"end":{"line":23,"column":6}},"2":{"start":{"line":18,"column":31},"end":{"line":18,"column":53}},"3":{"start":{"line":26,"column":15},"end":{"line":62,"column":2}}},"fnMap":{"0":{"name":"AccountCreated","decl":{"start":{"line":8,"column":9},"end":{"line":8,"column":23}},"loc":{"start":{"line":8,"column":26},"end":{"line":24,"column":1}},"line":8},"1":{"name":"(anonymous_1)","decl":{"start":{"line":18,"column":25},"end":{"line":18,"column":26}},"loc":{"start":{"line":18,"column":31},"end":{"line":18,"column":53}},"line":18}},"branchMap":{},"s":{"0":0,"1":0,"2":0,"3":0},"f":{"0":0,"1":0},"b":{}}
,"/Users/ruxintay/Desktop/BuddyJet-Orbital2023/app/(authentication)/CreateAccount.jsx": {"path":"/Users/ruxintay/Desktop/BuddyJet-Orbital2023/app/(authentication)/CreateAccount.jsx","statementMap":{"0":{"start":{"line":13,"column":19},"end":{"line":13,"column":30}},"1":{"start":{"line":14,"column":28},"end":{"line":14,"column":40}},"2":{"start":{"line":15,"column":42},"end":{"line":15,"column":54}},"3":{"start":{"line":16,"column":42},"end":{"line":16,"column":54}},"4":{"start":{"line":17,"column":30},"end":{"line":17,"column":42}},"5":{"start":{"line":18,"column":36},"end":{"line":18,"column":48}},"6":{"start":{"line":19,"column":50},"end":{"line":19,"column":62}},"7":{"start":{"line":20,"column":34},"end":{"line":20,"column":49}},"8":{"start":{"line":21,"column":32},"end":{"line":21,"column":44}},"9":{"start":{"line":23,"column":23},"end":{"line":23,"column":50}},"10":{"start":{"line":25,"column":25},"end":{"line":65,"column":5}},"11":{"start":{"line":26,"column":8},"end":{"line":29,"column":9}},"12":{"start":{"line":27,"column":12},"end":{"line":27,"column":45}},"13":{"start":{"line":28,"column":12},"end":{"line":28,"column":19}},"14":{"start":{"line":31,"column":8},"end":{"line":37,"column":9}},"15":{"start":{"line":32,"column":12},"end":{"line":32,"column":54}},"16":{"start":{"line":33,"column":12},"end":{"line":33,"column":19}},"17":{"start":{"line":34,"column":15},"end":{"line":37,"column":9}},"18":{"start":{"line":35,"column":12},"end":{"line":35,"column":67}},"19":{"start":{"line":36,"column":12},"end":{"line":36,"column":19}},"20":{"start":{"line":39,"column":8},"end":{"line":45,"column":9}},"21":{"start":{"line":40,"column":12},"end":{"line":40,"column":53}},"22":{"start":{"line":41,"column":12},"end":{"line":41,"column":19}},"23":{"start":{"line":42,"column":15},"end":{"line":45,"column":9}},"24":{"start":{"line":43,"column":12},"end":{"line":43,"column":65}},"25":{"start":{"line":44,"column":12},"end":{"line":44,"column":19}},"26":{"start":{"line":47,"column":8},"end":{"line":50,"column":9}},"27":{"start":{"line":48,"column":12},"end":{"line":48,"column":46}},"28":{"start":{"line":49,"column":12},"end":{"line":49,"column":19}},"29":{"start":{"line":51,"column":8},"end":{"line":54,"column":9}},"30":{"start":{"line":52,"column":12},"end":{"line":52,"column":49}},"31":{"start":{"line":53,"column":12},"end":{"line":53,"column":19}},"32":{"start":{"line":55,"column":8},"end":{"line":57,"column":9}},"33":{"start":{"line":56,"column":12},"end":{"line":56,"column":71}},"34":{"start":{"line":59,"column":8},"end":{"line":59,"column":25}},"35":{"start":{"line":61,"column":33},"end":{"line":63,"column":11}},"36":{"start":{"line":67,"column":4},"end":{"line":99,"column":6}},"37":{"start":{"line":77,"column":37},"end":{"line":77,"column":51}},"38":{"start":{"line":90,"column":25},"end":{"line":90,"column":40}},"39":{"start":{"line":102,"column":15},"end":{"line":153,"column":3}}},"fnMap":{"0":{"name":"CreateAccount","decl":{"start":{"line":12,"column":9},"end":{"line":12,"column":22}},"loc":{"start":{"line":12,"column":25},"end":{"line":100,"column":1}},"line":12},"1":{"name":"(anonymous_1)","decl":{"start":{"line":25,"column":25},"end":{"line":25,"column":26}},"loc":{"start":{"line":25,"column":37},"end":{"line":65,"column":5}},"line":25},"2":{"name":"(anonymous_2)","decl":{"start":{"line":77,"column":31},"end":{"line":77,"column":32}},"loc":{"start":{"line":77,"column":36},"end":{"line":77,"column":52}},"line":77},"3":{"name":"(anonymous_3)","decl":{"start":{"line":89,"column":30},"end":{"line":89,"column":31}},"loc":{"start":{"line":89,"column":36},"end":{"line":91,"column":21}},"line":89}},"branchMap":{"0":{"loc":{"start":{"line":26,"column":8},"end":{"line":29,"column":9}},"type":"if","locations":[{"start":{"line":26,"column":8},"end":{"line":29,"column":9}},{"start":{},"end":{}}],"line":26},"1":{"loc":{"start":{"line":31,"column":8},"end":{"line":37,"column":9}},"type":"if","locations":[{"start":{"line":31,"column":8},"end":{"line":37,"column":9}},{"start":{"line":34,"column":15},"end":{"line":37,"column":9}}],"line":31},"2":{"loc":{"start":{"line":34,"column":15},"end":{"line":37,"column":9}},"type":"if","locations":[{"start":{"line":34,"column":15},"end":{"line":37,"column":9}},{"start":{},"end":{}}],"line":34},"3":{"loc":{"start":{"line":39,"column":8},"end":{"line":45,"column":9}},"type":"if","locations":[{"start":{"line":39,"column":8},"end":{"line":45,"column":9}},{"start":{"line":42,"column":15},"end":{"line":45,"column":9}}],"line":39},"4":{"loc":{"start":{"line":42,"column":15},"end":{"line":45,"column":9}},"type":"if","locations":[{"start":{"line":42,"column":15},"end":{"line":45,"column":9}},{"start":{},"end":{}}],"line":42},"5":{"loc":{"start":{"line":47,"column":8},"end":{"line":50,"column":9}},"type":"if","locations":[{"start":{"line":47,"column":8},"end":{"line":50,"column":9}},{"start":{},"end":{}}],"line":47},"6":{"loc":{"start":{"line":51,"column":8},"end":{"line":54,"column":9}},"type":"if","locations":[{"start":{"line":51,"column":8},"end":{"line":54,"column":9}},{"start":{},"end":{}}],"line":51},"7":{"loc":{"start":{"line":51,"column":12},"end":{"line":51,"column":51}},"type":"binary-expr","locations":[{"start":{"line":51,"column":12},"end":{"line":51,"column":26}},{"start":{"line":51,"column":30},"end":{"line":51,"column":51}}],"line":51},"8":{"loc":{"start":{"line":55,"column":8},"end":{"line":57,"column":9}},"type":"if","locations":[{"start":{"line":55,"column":8},"end":{"line":57,"column":9}},{"start":{},"end":{}}],"line":55},"9":{"loc":{"start":{"line":95,"column":17},"end":{"line":95,"column":55}},"type":"binary-expr","locations":[{"start":{"line":95,"column":17},"end":{"line":95,"column":30}},{"start":{"line":95,"column":34},"end":{"line":95,"column":55}}],"line":95},"10":{"loc":{"start":{"line":96,"column":17},"end":{"line":96,"column":49}},"type":"binary-expr","locations":[{"start":{"line":96,"column":17},"end":{"line":96,"column":24}},{"start":{"line":96,"column":28},"end":{"line":96,"column":49}}],"line":96}},"s":{"0":0,"1":0,"2":0,"3":0,"4":0,"5":0,"6":0,"7":0,"8":0,"9":0,"10":0,"11":0,"12":0,"13":0,"14":0,"15":0,"16":0,"17":0,"18":0,"19":0,"20":0,"21":0,"22":0,"23":0,"24":0,"25":0,"26":0,"27":0,"28":0,"29":0,"30":0,"31":0,"32":0,"33":0,"34":0,"35":0,"36":0,"37":0,"38":0,"39":0},"f":{"0":0,"1":0,"2":0,"3":0},"b":{"0":[0,0],"1":[0,0],"2":[0,0],"3":[0,0],"4":[0,0],"5":[0,0],"6":[0,0],"7":[0,0],"8":[0,0],"9":[0,0],"10":[0,0]}}
,"/Users/ruxintay/Desktop/BuddyJet-Orbital2023/app/(authentication)/ForgotPassword.jsx": {"path":"/Users/ruxintay/Desktop/BuddyJet-Orbital2023/app/(authentication)/ForgotPassword.jsx","statementMap":{"0":{"start":{"line":16,"column":19},"end":{"line":16,"column":30}},"1":{"start":{"line":17,"column":30},"end":{"line":17,"column":42}},"2":{"start":{"line":18,"column":34},"end":{"line":18,"column":49}},"3":{"start":{"line":19,"column":32},"end":{"line":19,"column":44}},"4":{"start":{"line":21,"column":22},"end":{"line":21,"column":56}},"5":{"start":{"line":22,"column":4},"end":{"line":22,"column":28}},"6":{"start":{"line":24,"column":25},"end":{"line":50,"column":5}},"7":{"start":{"line":25,"column":8},"end":{"line":25,"column":38}},"8":{"start":{"line":27,"column":8},"end":{"line":27,"column":22}},"9":{"start":{"line":28,"column":8},"end":{"line":31,"column":9}},"10":{"start":{"line":29,"column":12},"end":{"line":29,"column":47}},"11":{"start":{"line":30,"column":12},"end":{"line":30,"column":19}},"12":{"start":{"line":32,"column":8},"end":{"line":32,"column":25}},"13":{"start":{"line":39,"column":32},"end":{"line":40,"column":41}},"14":{"start":{"line":43,"column":8},"end":{"line":43,"column":26}},"15":{"start":{"line":45,"column":8},"end":{"line":48,"column":9}},"16":{"start":{"line":46,"column":12},"end":{"line":46,"column":37}},"17":{"start":{"line":47,"column":12},"end":{"line":47,"column":19}},"18":{"start":{"line":56,"column":4},"end":{"line":67,"column":10}},"19":{"start":{"line":57,"column":8},"end":{"line":66,"column":10}},"20":{"start":{"line":58,"column":12},"end":{"line":65,"column":13}},"21":{"start":{"line":59,"column":36},"end":{"line":59,"column":90}},"22":{"start":{"line":60,"column":40},"end":{"line":61,"column":58}},"23":{"start":{"line":63,"column":16},"end":{"line":63,"column":65}},"24":{"start":{"line":63,"column":26},"end":{"line":63,"column":65}},"25":{"start":{"line":64,"column":16},"end":{"line":64,"column":78}},"26":{"start":{"line":64,"column":27},"end":{"line":64,"column":78}},"27":{"start":{"line":69,"column":4},"end":{"line":95,"column":6}},"28":{"start":{"line":72,"column":93},"end":{"line":72,"column":106}},"29":{"start":{"line":98,"column":15},"end":{"line":154,"column":1}}},"fnMap":{"0":{"name":"ForgotPassword","decl":{"start":{"line":15,"column":9},"end":{"line":15,"column":23}},"loc":{"start":{"line":15,"column":26},"end":{"line":96,"column":1}},"line":15},"1":{"name":"(anonymous_1)","decl":{"start":{"line":24,"column":25},"end":{"line":24,"column":26}},"loc":{"start":{"line":24,"column":37},"end":{"line":50,"column":5}},"line":24},"2":{"name":"(anonymous_2)","decl":{"start":{"line":56,"column":14},"end":{"line":56,"column":15}},"loc":{"start":{"line":56,"column":20},"end":{"line":67,"column":5}},"line":56},"3":{"name":"(anonymous_3)","decl":{"start":{"line":57,"column":40},"end":{"line":57,"column":41}},"loc":{"start":{"line":57,"column":66},"end":{"line":66,"column":9}},"line":57},"4":{"name":"(anonymous_4)","decl":{"start":{"line":72,"column":85},"end":{"line":72,"column":86}},"loc":{"start":{"line":72,"column":91},"end":{"line":72,"column":108}},"line":72}},"branchMap":{"0":{"loc":{"start":{"line":28,"column":8},"end":{"line":31,"column":9}},"type":"if","locations":[{"start":{"line":28,"column":8},"end":{"line":31,"column":9}},{"start":{},"end":{}}],"line":28},"1":{"loc":{"start":{"line":45,"column":8},"end":{"line":48,"column":9}},"type":"if","locations":[{"start":{"line":45,"column":8},"end":{"line":48,"column":9}},{"start":{},"end":{}}],"line":45},"2":{"loc":{"start":{"line":58,"column":12},"end":{"line":65,"column":13}},"type":"if","locations":[{"start":{"line":58,"column":12},"end":{"line":65,"column":13}},{"start":{},"end":{}}],"line":58},"3":{"loc":{"start":{"line":63,"column":16},"end":{"line":63,"column":65}},"type":"if","locations":[{"start":{"line":63,"column":16},"end":{"line":63,"column":65}},{"start":{},"end":{}}],"line":63},"4":{"loc":{"start":{"line":64,"column":16},"end":{"line":64,"column":78}},"type":"if","locations":[{"start":{"line":64,"column":16},"end":{"line":64,"column":78}},{"start":{},"end":{}}],"line":64},"5":{"loc":{"start":{"line":90,"column":21},"end":{"line":90,"column":60}},"type":"binary-expr","locations":[{"start":{"line":90,"column":21},"end":{"line":90,"column":35}},{"start":{"line":90,"column":39},"end":{"line":90,"column":60}}],"line":90},"6":{"loc":{"start":{"line":91,"column":21},"end":{"line":91,"column":53}},"type":"binary-expr","locations":[{"start":{"line":91,"column":21},"end":{"line":91,"column":28}},{"start":{"line":91,"column":32},"end":{"line":91,"column":53}}],"line":91}},"s":{"0":0,"1":0,"2":0,"3":0,"4":0,"5":0,"6":0,"7":0,"8":0,"9":0,"10":0,"11":0,"12":0,"13":0,"14":0,"15":0,"16":0,"17":0,"18":0,"19":0,"20":0,"21":0,"22":0,"23":0,"24":0,"25":0,"26":0,"27":0,"28":0,"29":0},"f":{"0":0,"1":0,"2":0,"3":0,"4":0},"b":{"0":[0,0],"1":[0,0],"2":[0,0],"3":[0,0],"4":[0,0],"5":[0,0],"6":[0,0]}}
,"/Users/ruxintay/Desktop/BuddyJet-Orbital2023/app/(authentication)/Login.jsx": {"path":"/Users/ruxintay/Desktop/BuddyJet-Orbital2023/app/(authentication)/Login.jsx","statementMap":{"0":{"start":{"line":13,"column":19},"end":{"line":13,"column":30}},"1":{"start":{"line":14,"column":30},"end":{"line":14,"column":42}},"2":{"start":{"line":15,"column":36},"end":{"line":15,"column":48}},"3":{"start":{"line":16,"column":34},"end":{"line":16,"column":49}},"4":{"start":{"line":17,"column":32},"end":{"line":17,"column":44}},"5":{"start":{"line":19,"column":25},"end":{"line":36,"column":5}},"6":{"start":{"line":20,"column":8},"end":{"line":20,"column":22}},"7":{"start":{"line":21,"column":8},"end":{"line":24,"column":9}},"8":{"start":{"line":22,"column":12},"end":{"line":22,"column":46}},"9":{"start":{"line":23,"column":12},"end":{"line":23,"column":19}},"10":{"start":{"line":25,"column":8},"end":{"line":28,"column":9}},"11":{"start":{"line":26,"column":12},"end":{"line":26,"column":49}},"12":{"start":{"line":27,"column":12},"end":{"line":27,"column":19}},"13":{"start":{"line":29,"column":8},"end":{"line":29,"column":25}},"14":{"start":{"line":30,"column":26},"end":{"line":30,"column":85}},"15":{"start":{"line":31,"column":8},"end":{"line":31,"column":26}},"16":{"start":{"line":32,"column":8},"end":{"line":35,"column":9}},"17":{"start":{"line":33,"column":12},"end":{"line":33,"column":37}},"18":{"start":{"line":34,"column":12},"end":{"line":34,"column":19}},"19":{"start":{"line":37,"column":4},"end":{"line":58,"column":6}},"20":{"start":{"line":45,"column":39},"end":{"line":45,"column":70}},"21":{"start":{"line":61,"column":15},"end":{"line":102,"column":2}}},"fnMap":{"0":{"name":"Login","decl":{"start":{"line":12,"column":9},"end":{"line":12,"column":14}},"loc":{"start":{"line":12,"column":17},"end":{"line":59,"column":1}},"line":12},"1":{"name":"(anonymous_1)","decl":{"start":{"line":19,"column":25},"end":{"line":19,"column":26}},"loc":{"start":{"line":19,"column":37},"end":{"line":36,"column":5}},"line":19},"2":{"name":"(anonymous_2)","decl":{"start":{"line":45,"column":31},"end":{"line":45,"column":32}},"loc":{"start":{"line":45,"column":37},"end":{"line":45,"column":72}},"line":45}},"branchMap":{"0":{"loc":{"start":{"line":21,"column":8},"end":{"line":24,"column":9}},"type":"if","locations":[{"start":{"line":21,"column":8},"end":{"line":24,"column":9}},{"start":{},"end":{}}],"line":21},"1":{"loc":{"start":{"line":25,"column":8},"end":{"line":28,"column":9}},"type":"if","locations":[{"start":{"line":25,"column":8},"end":{"line":28,"column":9}},{"start":{},"end":{}}],"line":25},"2":{"loc":{"start":{"line":32,"column":8},"end":{"line":35,"column":9}},"type":"if","locations":[{"start":{"line":32,"column":8},"end":{"line":35,"column":9}},{"start":{},"end":{}}],"line":32},"3":{"loc":{"start":{"line":54,"column":17},"end":{"line":54,"column":55}},"type":"binary-expr","locations":[{"start":{"line":54,"column":17},"end":{"line":54,"column":30}},{"start":{"line":54,"column":34},"end":{"line":54,"column":55}}],"line":54},"4":{"loc":{"start":{"line":55,"column":17},"end":{"line":55,"column":49}},"type":"binary-expr","locations":[{"start":{"line":55,"column":17},"end":{"line":55,"column":24}},{"start":{"line":55,"column":28},"end":{"line":55,"column":49}}],"line":55}},"s":{"0":8,"1":8,"2":8,"3":8,"4":8,"5":8,"6":2,"7":2,"8":1,"9":1,"10":1,"11":0,"12":0,"13":1,"14":1,"15":1,"16":1,"17":0,"18":0,"19":8,"20":0,"21":1},"f":{"0":8,"1":2,"2":0},"b":{"0":[1,1],"1":[0,1],"2":[0,1],"3":[8,1],"4":[8,1]},"_coverageSchema":"1a1c01bbd47fc00a2c39e90264f33305004495a9","hash":"29d2edb532a542f90564cc3859b4871fc926a85c"}
,"/Users/ruxintay/Desktop/BuddyJet-Orbital2023/app/(authentication)/ResetPassword.jsx": {"path":"/Users/ruxintay/Desktop/BuddyJet-Orbital2023/app/(authentication)/ResetPassword.jsx","statementMap":{"0":{"start":{"line":16,"column":4},"end":{"line":16,"column":42}},"1":{"start":{"line":17,"column":4},"end":{"line":17,"column":24}},"2":{"start":{"line":18,"column":19},"end":{"line":18,"column":30}},"3":{"start":{"line":19,"column":30},"end":{"line":19,"column":42}},"4":{"start":{"line":20,"column":42},"end":{"line":20,"column":54}},"5":{"start":{"line":21,"column":50},"end":{"line":21,"column":62}},"6":{"start":{"line":22,"column":34},"end":{"line":22,"column":49}},"7":{"start":{"line":23,"column":32},"end":{"line":23,"column":44}},"8":{"start":{"line":27,"column":25},"end":{"line":60,"column":5}},"9":{"start":{"line":30,"column":8},"end":{"line":30,"column":22}},"10":{"start":{"line":31,"column":8},"end":{"line":34,"column":9}},"11":{"start":{"line":32,"column":12},"end":{"line":32,"column":47}},"12":{"start":{"line":33,"column":12},"end":{"line":33,"column":19}},"13":{"start":{"line":36,"column":8},"end":{"line":39,"column":9}},"14":{"start":{"line":37,"column":12},"end":{"line":37,"column":54}},"15":{"start":{"line":38,"column":12},"end":{"line":38,"column":19}},"16":{"start":{"line":40,"column":8},"end":{"line":43,"column":9}},"17":{"start":{"line":41,"column":12},"end":{"line":41,"column":48}},"18":{"start":{"line":42,"column":12},"end":{"line":42,"column":19}},"19":{"start":{"line":44,"column":8},"end":{"line":44,"column":25}},"20":{"start":{"line":45,"column":27},"end":{"line":45,"column":99}},"21":{"start":{"line":47,"column":8},"end":{"line":51,"column":9}},"22":{"start":{"line":48,"column":12},"end":{"line":48,"column":30}},"23":{"start":{"line":49,"column":12},"end":{"line":49,"column":43}},"24":{"start":{"line":50,"column":12},"end":{"line":50,"column":19}},"25":{"start":{"line":53,"column":26},"end":{"line":53,"column":90}},"26":{"start":{"line":54,"column":8},"end":{"line":54,"column":26}},"27":{"start":{"line":55,"column":8},"end":{"line":58,"column":9}},"28":{"start":{"line":56,"column":12},"end":{"line":56,"column":43}},"29":{"start":{"line":57,"column":12},"end":{"line":57,"column":19}},"30":{"start":{"line":59,"column":8},"end":{"line":59,"column":38}},"31":{"start":{"line":62,"column":4},"end":{"line":87,"column":6}},"32":{"start":{"line":90,"column":15},"end":{"line":130,"column":1}}},"fnMap":{"0":{"name":"ResetPassword","decl":{"start":{"line":15,"column":9},"end":{"line":15,"column":22}},"loc":{"start":{"line":15,"column":25},"end":{"line":88,"column":1}},"line":15},"1":{"name":"(anonymous_1)","decl":{"start":{"line":27,"column":25},"end":{"line":27,"column":26}},"loc":{"start":{"line":27,"column":37},"end":{"line":60,"column":5}},"line":27}},"branchMap":{"0":{"loc":{"start":{"line":31,"column":8},"end":{"line":34,"column":9}},"type":"if","locations":[{"start":{"line":31,"column":8},"end":{"line":34,"column":9}},{"start":{},"end":{}}],"line":31},"1":{"loc":{"start":{"line":36,"column":8},"end":{"line":39,"column":9}},"type":"if","locations":[{"start":{"line":36,"column":8},"end":{"line":39,"column":9}},{"start":{},"end":{}}],"line":36},"2":{"loc":{"start":{"line":40,"column":8},"end":{"line":43,"column":9}},"type":"if","locations":[{"start":{"line":40,"column":8},"end":{"line":43,"column":9}},{"start":{},"end":{}}],"line":40},"3":{"loc":{"start":{"line":47,"column":8},"end":{"line":51,"column":9}},"type":"if","locations":[{"start":{"line":47,"column":8},"end":{"line":51,"column":9}},{"start":{},"end":{}}],"line":47},"4":{"loc":{"start":{"line":55,"column":8},"end":{"line":58,"column":9}},"type":"if","locations":[{"start":{"line":55,"column":8},"end":{"line":58,"column":9}},{"start":{},"end":{}}],"line":55},"5":{"loc":{"start":{"line":82,"column":21},"end":{"line":82,"column":59}},"type":"binary-expr","locations":[{"start":{"line":82,"column":21},"end":{"line":82,"column":34}},{"start":{"line":82,"column":38},"end":{"line":82,"column":59}}],"line":82},"6":{"loc":{"start":{"line":83,"column":21},"end":{"line":83,"column":53}},"type":"binary-expr","locations":[{"start":{"line":83,"column":21},"end":{"line":83,"column":28}},{"start":{"line":83,"column":32},"end":{"line":83,"column":53}}],"line":83}},"s":{"0":0,"1":0,"2":0,"3":0,"4":0,"5":0,"6":0,"7":0,"8":0,"9":0,"10":0,"11":0,"12":0,"13":0,"14":0,"15":0,"16":0,"17":0,"18":0,"19":0,"20":0,"21":0,"22":0,"23":0,"24":0,"25":0,"26":0,"27":0,"28":0,"29":0,"30":0,"31":0,"32":0},"f":{"0":0,"1":0},"b":{"0":[0,0],"1":[0,0],"2":[0,0],"3":[0,0],"4":[0,0],"5":[0,0],"6":[0,0]}}
,"/Users/ruxintay/Desktop/BuddyJet-Orbital2023/app/(authentication)/TextFieldInput.jsx": {"path":"/Users/ruxintay/Desktop/BuddyJet-Orbital2023/app/(authentication)/TextFieldInput.jsx","statementMap":{"0":{"start":{"line":6,"column":4},"end":{"line":18,"column":6}},"1":{"start":{"line":21,"column":15},"end":{"line":44,"column":2}}},"fnMap":{"0":{"name":"TextFieldInput","decl":{"start":{"line":5,"column":9},"end":{"line":5,"column":23}},"loc":{"start":{"line":5,"column":56},"end":{"line":19,"column":1}},"line":5}},"branchMap":{"0":{"loc":{"start":{"line":12,"column":33},"end":{"line":12,"column":87}},"type":"binary-expr","locations":[{"start":{"line":12,"column":33},"end":{"line":12,"column":54}},{"start":{"line":12,"column":59},"end":{"line":12,"column":86}}],"line":12}},"s":{"0":16,"1":1},"f":{"0":16},"b":{"0":[16,8]},"_coverageSchema":"1a1c01bbd47fc00a2c39e90264f33305004495a9","hash":"60f92ca0fa66cfe4bf3a86a35efc4ca250886f68"}
,"/Users/ruxintay/Desktop/BuddyJet-Orbital2023/app/(authentication)/_layout.jsx": {"path":"/Users/ruxintay/Desktop/BuddyJet-Orbital2023/app/(authentication)/_layout.jsx","statementMap":{"0":{"start":{"line":5,"column":33},"end":{"line":7,"column":1}},"1":{"start":{"line":11,"column":4},"end":{"line":13,"column":6}}},"fnMap":{"0":{"name":"AuthLayout","decl":{"start":{"line":10,"column":9},"end":{"line":10,"column":19}},"loc":{"start":{"line":10,"column":22},"end":{"line":14,"column":1}},"line":10}},"branchMap":{},"s":{"0":0,"1":0},"f":{"0":0},"b":{}}
,"/Users/ruxintay/Desktop/BuddyJet-Orbital2023/app/(authentication)/index.js": {"path":"/Users/ruxintay/Desktop/BuddyJet-Orbital2023/app/(authentication)/index.js","statementMap":{"0":{"start":{"line":6,"column":17},"end":{"line":6,"column":28}},"1":{"start":{"line":8,"column":30},"end":{"line":19,"column":3}},"2":{"start":{"line":9,"column":4},"end":{"line":18,"column":6}},"3":{"start":{"line":14,"column":21},"end":{"line":14,"column":51}},"4":{"start":{"line":21,"column":22},"end":{"line":32,"column":3}},"5":{"start":{"line":22,"column":4},"end":{"line":31,"column":6}},"6":{"start":{"line":27,"column":21},"end":{"line":27,"column":43}},"7":{"start":{"line":34,"column":17},"end":{"line":42,"column":3}},"8":{"start":{"line":35,"column":4},"end":{"line":41,"column":6}},"9":{"start":{"line":44,"column":2},"end":{"line":50,"column":4}},"10":{"start":{"line":53,"column":15},"end":{"line":120,"column":2}}},"fnMap":{"0":{"name":"OnboardingScreen","decl":{"start":{"line":5,"column":9},"end":{"line":5,"column":25}},"loc":{"start":{"line":5,"column":28},"end":{"line":51,"column":1}},"line":5},"1":{"name":"(anonymous_1)","decl":{"start":{"line":8,"column":30},"end":{"line":8,"column":31}},"loc":{"start":{"line":8,"column":36},"end":{"line":19,"column":3}},"line":8},"2":{"name":"(anonymous_2)","decl":{"start":{"line":14,"column":15},"end":{"line":14,"column":16}},"loc":{"start":{"line":14,"column":21},"end":{"line":14,"column":51}},"line":14},"3":{"name":"(anonymous_3)","decl":{"start":{"line":21,"column":22},"end":{"line":21,"column":23}},"loc":{"start":{"line":21,"column":28},"end":{"line":32,"column":3}},"line":21},"4":{"name":"(anonymous_4)","decl":{"start":{"line":27,"column":15},"end":{"line":27,"column":16}},"loc":{"start":{"line":27,"column":21},"end":{"line":27,"column":43}},"line":27},"5":{"name":"(anonymous_5)","decl":{"start":{"line":34,"column":17},"end":{"line":34,"column":18}},"loc":{"start":{"line":34,"column":23},"end":{"line":42,"column":3}},"line":34}},"branchMap":{},"s":{"0":1,"1":1,"2":1,"3":0,"4":1,"5":1,"6":1,"7":1,"8":1,"9":1,"10":1},"f":{"0":1,"1":1,"2":0,"3":1,"4":1,"5":1},"b":{},"_coverageSchema":"1a1c01bbd47fc00a2c39e90264f33305004495a9","hash":"373cc6fa88118ad5aa0ccdc6c4d2a18941369228"}
,"/Users/ruxintay/Desktop/BuddyJet-Orbital2023/app/(home)/Dashboard.jsx": {"path":"/Users/ruxintay/Desktop/BuddyJet-Orbital2023/app/(home)/Dashboard.jsx","statementMap":{"0":{"start":{"line":10,"column":32},"end":{"line":10,"column":44}},"1":{"start":{"line":11,"column":36},"end":{"line":11,"column":48}},"2":{"start":{"line":12,"column":46},"end":{"line":12,"column":57}},"3":{"start":{"line":13,"column":32},"end":{"line":13,"column":43}},"4":{"start":{"line":14,"column":34},"end":{"line":14,"column":45}},"5":{"start":{"line":16,"column":22},"end":{"line":21,"column":5}},"6":{"start":{"line":17,"column":8},"end":{"line":17,"column":22}},"7":{"start":{"line":18,"column":8},"end":{"line":18,"column":24}},"8":{"start":{"line":19,"column":8},"end":{"line":19,"column":22}},"9":{"start":{"line":20,"column":8},"end":{"line":20,"column":23}},"10":{"start":{"line":23,"column":24},"end":{"line":34,"column":5}},"11":{"start":{"line":24,"column":8},"end":{"line":33,"column":9}},"12":{"start":{"line":25,"column":37},"end":{"line":27,"column":29}},"13":{"start":{"line":29,"column":27},"end":{"line":29,"column":42}},"14":{"start":{"line":30,"column":12},"end":{"line":30,"column":30}},"15":{"start":{"line":32,"column":12},"end":{"line":32,"column":58}},"16":{"start":{"line":36,"column":4},"end":{"line":38,"column":11}},"17":{"start":{"line":37,"column":8},"end":{"line":37,"column":22}},"18":{"start":{"line":40,"column":26},"end":{"line":54,"column":5}},"19":{"start":{"line":41,"column":8},"end":{"line":53,"column":9}},"20":{"start":{"line":42,"column":37},"end":{"line":44,"column":56}},"21":{"start":{"line":46,"column":12},"end":{"line":46,"column":34}},"22":{"start":{"line":48,"column":26},"end":{"line":48,"column":84}},"23":{"start":{"line":48,"column":60},"end":{"line":48,"column":80}},"24":{"start":{"line":49,"column":12},"end":{"line":49,"column":36}},"25":{"start":{"line":50,"column":12},"end":{"line":50,"column":34}},"26":{"start":{"line":52,"column":12},"end":{"line":52,"column":65}},"27":{"start":{"line":56,"column":24},"end":{"line":71,"column":5}},"28":{"start":{"line":57,"column":8},"end":{"line":68,"column":9}},"29":{"start":{"line":58,"column":35},"end":{"line":61,"column":35}},"30":{"start":{"line":63,"column":27},"end":{"line":63,"column":44}},"31":{"start":{"line":64,"column":12},"end":{"line":64,"column":30}},"32":{"start":{"line":67,"column":12},"end":{"line":67,"column":63}},"33":{"start":{"line":73,"column":25},"end":{"line":89,"column":5}},"34":{"start":{"line":74,"column":8},"end":{"line":88,"column":9}},"35":{"start":{"line":75,"column":36},"end":{"line":77,"column":39}},"36":{"start":{"line":79,"column":12},"end":{"line":79,"column":45}},"37":{"start":{"line":81,"column":28},"end":{"line":81,"column":89}},"38":{"start":{"line":81,"column":67},"end":{"line":81,"column":84}},"39":{"start":{"line":82,"column":26},"end":{"line":82,"column":52}},"40":{"start":{"line":83,"column":12},"end":{"line":83,"column":42}},"41":{"start":{"line":84,"column":12},"end":{"line":84,"column":30}},"42":{"start":{"line":85,"column":12},"end":{"line":85,"column":49}},"43":{"start":{"line":87,"column":12},"end":{"line":87,"column":65}},"44":{"start":{"line":91,"column":4},"end":{"line":94,"column":11}},"45":{"start":{"line":92,"column":8},"end":{"line":92,"column":22}},"46":{"start":{"line":93,"column":8},"end":{"line":93,"column":24}},"47":{"start":{"line":97,"column":4},"end":{"line":99,"column":17}},"48":{"start":{"line":98,"column":8},"end":{"line":98,"column":23}},"49":{"start":{"line":103,"column":27},"end":{"line":106,"column":5}},"50":{"start":{"line":104,"column":23},"end":{"line":104,"column":100}},"51":{"start":{"line":105,"column":8},"end":{"line":105,"column":45}},"52":{"start":{"line":108,"column":22},"end":{"line":114,"column":7}},"53":{"start":{"line":108,"column":56},"end":{"line":114,"column":5}},"54":{"start":{"line":117,"column":26},"end":{"line":154,"column":5}},"55":{"start":{"line":119,"column":32},"end":{"line":119,"column":34}},"56":{"start":{"line":120,"column":8},"end":{"line":127,"column":11}},"57":{"start":{"line":121,"column":33},"end":{"line":121,"column":88}},"58":{"start":{"line":121,"column":64},"end":{"line":121,"column":87}},"59":{"start":{"line":122,"column":12},"end":{"line":126,"column":13}},"60":{"start":{"line":123,"column":16},"end":{"line":123,"column":51}},"61":{"start":{"line":125,"column":16},"end":{"line":125,"column":43}},"62":{"start":{"line":129,"column":8},"end":{"line":153,"column":10}},"63":{"start":{"line":143,"column":52},"end":{"line":143,"column":84}},"64":{"start":{"line":157,"column":22},"end":{"line":199,"column":5}},"65":{"start":{"line":158,"column":8},"end":{"line":158,"column":50}},"66":{"start":{"line":159,"column":8},"end":{"line":159,"column":57}},"67":{"start":{"line":161,"column":28},"end":{"line":172,"column":9}},"68":{"start":{"line":166,"column":38},"end":{"line":166,"column":68}},"69":{"start":{"line":174,"column":8},"end":{"line":198,"column":10}},"70":{"start":{"line":201,"column":4},"end":{"line":212,"column":6}},"71":{"start":{"line":215,"column":15},"end":{"line":234,"column":2}}},"fnMap":{"0":{"name":"Dashboard","decl":{"start":{"line":9,"column":9},"end":{"line":9,"column":18}},"loc":{"start":{"line":9,"column":21},"end":{"line":213,"column":1}},"line":9},"1":{"name":"(anonymous_1)","decl":{"start":{"line":16,"column":22},"end":{"line":16,"column":23}},"loc":{"start":{"line":16,"column":28},"end":{"line":21,"column":5}},"line":16},"2":{"name":"(anonymous_2)","decl":{"start":{"line":23,"column":24},"end":{"line":23,"column":25}},"loc":{"start":{"line":23,"column":36},"end":{"line":34,"column":5}},"line":23},"3":{"name":"(anonymous_3)","decl":{"start":{"line":36,"column":14},"end":{"line":36,"column":15}},"loc":{"start":{"line":36,"column":20},"end":{"line":38,"column":5}},"line":36},"4":{"name":"(anonymous_4)","decl":{"start":{"line":40,"column":26},"end":{"line":40,"column":27}},"loc":{"start":{"line":40,"column":38},"end":{"line":54,"column":5}},"line":40},"5":{"name":"(anonymous_5)","decl":{"start":{"line":48,"column":42},"end":{"line":48,"column":43}},"loc":{"start":{"line":48,"column":60},"end":{"line":48,"column":80}},"line":48},"6":{"name":"(anonymous_6)","decl":{"start":{"line":56,"column":24},"end":{"line":56,"column":25}},"loc":{"start":{"line":56,"column":36},"end":{"line":71,"column":5}},"line":56},"7":{"name":"(anonymous_7)","decl":{"start":{"line":73,"column":25},"end":{"line":73,"column":26}},"loc":{"start":{"line":73,"column":37},"end":{"line":89,"column":5}},"line":73},"8":{"name":"(anonymous_8)","decl":{"start":{"line":81,"column":52},"end":{"line":81,"column":53}},"loc":{"start":{"line":81,"column":67},"end":{"line":81,"column":84}},"line":81},"9":{"name":"(anonymous_9)","decl":{"start":{"line":91,"column":14},"end":{"line":91,"column":15}},"loc":{"start":{"line":91,"column":20},"end":{"line":94,"column":5}},"line":91},"10":{"name":"(anonymous_10)","decl":{"start":{"line":97,"column":14},"end":{"line":97,"column":15}},"loc":{"start":{"line":97,"column":20},"end":{"line":99,"column":5}},"line":97},"11":{"name":"(anonymous_11)","decl":{"start":{"line":103,"column":27},"end":{"line":103,"column":28}},"loc":{"start":{"line":103,"column":38},"end":{"line":106,"column":5}},"line":103},"12":{"name":"(anonymous_12)","decl":{"start":{"line":108,"column":35},"end":{"line":108,"column":36}},"loc":{"start":{"line":108,"column":56},"end":{"line":114,"column":5}},"line":108},"13":{"name":"(anonymous_13)","decl":{"start":{"line":117,"column":26},"end":{"line":117,"column":27}},"loc":{"start":{"line":117,"column":32},"end":{"line":154,"column":5}},"line":117},"14":{"name":"(anonymous_14)","decl":{"start":{"line":120,"column":26},"end":{"line":120,"column":27}},"loc":{"start":{"line":120,"column":36},"end":{"line":127,"column":9}},"line":120},"15":{"name":"(anonymous_15)","decl":{"start":{"line":121,"column":54},"end":{"line":121,"column":55}},"loc":{"start":{"line":121,"column":64},"end":{"line":121,"column":87}},"line":121},"16":{"name":"(anonymous_16)","decl":{"start":{"line":143,"column":35},"end":{"line":143,"column":36}},"loc":{"start":{"line":143,"column":52},"end":{"line":143,"column":84}},"line":143},"17":{"name":"(anonymous_17)","decl":{"start":{"line":157,"column":22},"end":{"line":157,"column":23}},"loc":{"start":{"line":157,"column":28},"end":{"line":199,"column":5}},"line":157},"18":{"name":"(anonymous_18)","decl":{"start":{"line":166,"column":19},"end":{"line":166,"column":20}},"loc":{"start":{"line":166,"column":38},"end":{"line":166,"column":68}},"line":166}},"branchMap":{"0":{"loc":{"start":{"line":122,"column":12},"end":{"line":126,"column":13}},"type":"if","locations":[{"start":{"line":122,"column":12},"end":{"line":126,"column":13}},{"start":{"line":124,"column":19},"end":{"line":126,"column":13}}],"line":122},"1":{"loc":{"start":{"line":143,"column":36},"end":{"line":143,"column":47}},"type":"default-arg","locations":[{"start":{"line":143,"column":46},"end":{"line":143,"column":47}}],"line":143},"2":{"loc":{"start":{"line":166,"column":20},"end":{"line":166,"column":33}},"type":"default-arg","locations":[{"start":{"line":166,"column":30},"end":{"line":166,"column":33}}],"line":166}},"s":{"0":0,"1":0,"2":0,"3":0,"4":0,"5":0,"6":0,"7":0,"8":0,"9":0,"10":0,"11":0,"12":0,"13":0,"14":0,"15":0,"16":0,"17":0,"18":0,"19":0,"20":0,"21":0,"22":0,"23":0,"24":0,"25":0,"26":0,"27":0,"28":0,"29":0,"30":0,"31":0,"32":0,"33":0,"34":0,"35":0,"36":0,"37":0,"38":0,"39":0,"40":0,"41":0,"42":0,"43":0,"44":0,"45":0,"46":0,"47":0,"48":0,"49":0,"50":0,"51":0,"52":0,"53":0,"54":0,"55":0,"56":0,"57":0,"58":0,"59":0,"60":0,"61":0,"62":0,"63":0,"64":0,"65":0,"66":0,"67":0,"68":0,"69":0,"70":0,"71":0},"f":{"0":0,"1":0,"2":0,"3":0,"4":0,"5":0,"6":0,"7":0,"8":0,"9":0,"10":0,"11":0,"12":0,"13":0,"14":0,"15":0,"16":0,"17":0,"18":0},"b":{"0":[0,0],"1":[0],"2":[0]}}
,"/Users/ruxintay/Desktop/BuddyJet-Orbital2023/app/(home)/_layout.jsx": {"path":"/Users/ruxintay/Desktop/BuddyJet-Orbital2023/app/(home)/_layout.jsx","statementMap":{"0":{"start":{"line":6,"column":33},"end":{"line":8,"column":1}},"1":{"start":{"line":12,"column":4},"end":{"line":63,"column":6}},"2":{"start":{"line":17,"column":24},"end":{"line":17,"column":72}},"3":{"start":{"line":29,"column":24},"end":{"line":29,"column":77}},"4":{"start":{"line":41,"column":24},"end":{"line":41,"column":78}},"5":{"start":{"line":53,"column":24},"end":{"line":53,"column":71}}},"fnMap":{"0":{"name":"HomeLayout","decl":{"start":{"line":10,"column":9},"end":{"line":10,"column":19}},"loc":{"start":{"line":10,"column":22},"end":{"line":64,"column":1}},"line":10},"1":{"name":"(anonymous_1)","decl":{"start":{"line":16,"column":32},"end":{"line":16,"column":33}},"loc":{"start":{"line":17,"column":24},"end":{"line":17,"column":72}},"line":17},"2":{"name":"(anonymous_2)","decl":{"start":{"line":28,"column":32},"end":{"line":28,"column":33}},"loc":{"start":{"line":29,"column":24},"end":{"line":29,"column":77}},"line":29},"3":{"name":"(anonymous_3)","decl":{"start":{"line":40,"column":32},"end":{"line":40,"column":33}},"loc":{"start":{"line":41,"column":24},"end":{"line":41,"column":78}},"line":41},"4":{"name":"(anonymous_4)","decl":{"start":{"line":52,"column":32},"end":{"line":52,"column":33}},"loc":{"start":{"line":53,"column":24},"end":{"line":53,"column":71}},"line":53}},"branchMap":{},"s":{"0":0,"1":0,"2":0,"3":0,"4":0,"5":0},"f":{"0":0,"1":0,"2":0,"3":0,"4":0},"b":{}}
,"/Users/ruxintay/Desktop/BuddyJet-Orbital2023/app/(home)/Budget/CreateBudget.jsx": {"path":"/Users/ruxintay/Desktop/BuddyJet-Orbital2023/app/(home)/Budget/CreateBudget.jsx","statementMap":{"0":{"start":{"line":17,"column":17},"end":{"line":17,"column":28}},"1":{"start":{"line":18,"column":32},"end":{"line":18,"column":46}},"2":{"start":{"line":19,"column":30},"end":{"line":19,"column":42}},"3":{"start":{"line":20,"column":30},"end":{"line":20,"column":42}},"4":{"start":{"line":23,"column":24},"end":{"line":72,"column":3}},"5":{"start":{"line":26,"column":29},"end":{"line":28,"column":19}},"6":{"start":{"line":30,"column":23},"end":{"line":30,"column":38}},"7":{"start":{"line":32,"column":4},"end":{"line":35,"column":5}},"8":{"start":{"line":33,"column":6},"end":{"line":33,"column":41}},"9":{"start":{"line":34,"column":6},"end":{"line":34,"column":13}},"10":{"start":{"line":37,"column":4},"end":{"line":37,"column":20}},"11":{"start":{"line":39,"column":20},"end":{"line":42,"column":5}},"12":{"start":{"line":45,"column":4},"end":{"line":45,"column":52}},"13":{"start":{"line":48,"column":27},"end":{"line":51,"column":25}},"14":{"start":{"line":53,"column":21},"end":{"line":53,"column":41}},"15":{"start":{"line":54,"column":4},"end":{"line":54,"column":23}},"16":{"start":{"line":58,"column":6},"end":{"line":64,"column":8}},"17":{"start":{"line":66,"column":4},"end":{"line":69,"column":5}},"18":{"start":{"line":67,"column":6},"end":{"line":67,"column":26}},"19":{"start":{"line":70,"column":4},"end":{"line":70,"column":21}},"20":{"start":{"line":75,"column":27},"end":{"line":103,"column":3}},"21":{"start":{"line":76,"column":4},"end":{"line":102,"column":6}},"22":{"start":{"line":94,"column":12},"end":{"line":94,"column":39}},"23":{"start":{"line":105,"column":22},"end":{"line":156,"column":3}},"24":{"start":{"line":106,"column":4},"end":{"line":155,"column":6}},"25":{"start":{"line":118,"column":31},"end":{"line":118,"column":64}},"26":{"start":{"line":158,"column":24},"end":{"line":170,"column":3}},"27":{"start":{"line":160,"column":4},"end":{"line":169,"column":6}},"28":{"start":{"line":172,"column":2},"end":{"line":187,"column":4}},"29":{"start":{"line":190,"column":15},"end":{"line":252,"column":1}}},"fnMap":{"0":{"name":"CreateBudget","decl":{"start":{"line":16,"column":9},"end":{"line":16,"column":21}},"loc":{"start":{"line":16,"column":24},"end":{"line":188,"column":1}},"line":16},"1":{"name":"(anonymous_1)","decl":{"start":{"line":23,"column":24},"end":{"line":23,"column":25}},"loc":{"start":{"line":23,"column":36},"end":{"line":72,"column":3}},"line":23},"2":{"name":"(anonymous_2)","decl":{"start":{"line":75,"column":27},"end":{"line":75,"column":28}},"loc":{"start":{"line":75,"column":33},"end":{"line":103,"column":3}},"line":75},"3":{"name":"(anonymous_3)","decl":{"start":{"line":93,"column":19},"end":{"line":93,"column":20}},"loc":{"start":{"line":93,"column":25},"end":{"line":95,"column":11}},"line":93},"4":{"name":"(anonymous_4)","decl":{"start":{"line":105,"column":22},"end":{"line":105,"column":23}},"loc":{"start":{"line":105,"column":28},"end":{"line":156,"column":3}},"line":105},"5":{"name":"(anonymous_5)","decl":{"start":{"line":118,"column":23},"end":{"line":118,"column":24}},"loc":{"start":{"line":118,"column":29},"end":{"line":118,"column":66}},"line":118},"6":{"name":"(anonymous_6)","decl":{"start":{"line":158,"column":24},"end":{"line":158,"column":25}},"loc":{"start":{"line":158,"column":30},"end":{"line":170,"column":3}},"line":158}},"branchMap":{"0":{"loc":{"start":{"line":32,"column":4},"end":{"line":35,"column":5}},"type":"if","locations":[{"start":{"line":32,"column":4},"end":{"line":35,"column":5}},{"start":{},"end":{}}],"line":32},"1":{"loc":{"start":{"line":66,"column":4},"end":{"line":69,"column":5}},"type":"if","locations":[{"start":{"line":66,"column":4},"end":{"line":69,"column":5}},{"start":{},"end":{}}],"line":66}},"s":{"0":0,"1":0,"2":0,"3":0,"4":0,"5":0,"6":0,"7":0,"8":0,"9":0,"10":0,"11":0,"12":0,"13":0,"14":0,"15":0,"16":0,"17":0,"18":0,"19":0,"20":0,"21":0,"22":0,"23":0,"24":0,"25":0,"26":0,"27":0,"28":0,"29":0},"f":{"0":0,"1":0,"2":0,"3":0,"4":0,"5":0,"6":0},"b":{"0":[0,0],"1":[0,0]}}
,"/Users/ruxintay/Desktop/BuddyJet-Orbital2023/app/(home)/Budget/EditBudget.jsx": {"path":"/Users/ruxintay/Desktop/BuddyJet-Orbital2023/app/(home)/Budget/EditBudget.jsx","statementMap":{"0":{"start":{"line":10,"column":32},"end":{"line":10,"column":43}},"1":{"start":{"line":11,"column":28},"end":{"line":11,"column":40}},"2":{"start":{"line":12,"column":34},"end":{"line":12,"column":46}},"3":{"start":{"line":13,"column":32},"end":{"line":13,"column":47}},"4":{"start":{"line":14,"column":36},"end":{"line":14,"column":47}},"5":{"start":{"line":15,"column":36},"end":{"line":15,"column":47}},"6":{"start":{"line":17,"column":22},"end":{"line":28,"column":3}},"7":{"start":{"line":18,"column":4},"end":{"line":27,"column":5}},"8":{"start":{"line":19,"column":31},"end":{"line":21,"column":21}},"9":{"start":{"line":23,"column":21},"end":{"line":23,"column":36}},"10":{"start":{"line":24,"column":6},"end":{"line":24,"column":24}},"11":{"start":{"line":26,"column":6},"end":{"line":26,"column":52}},"12":{"start":{"line":30,"column":24},"end":{"line":43,"column":3}},"13":{"start":{"line":31,"column":4},"end":{"line":42,"column":5}},"14":{"start":{"line":32,"column":29},"end":{"line":35,"column":27}},"15":{"start":{"line":37,"column":23},"end":{"line":37,"column":43}},"16":{"start":{"line":38,"column":6},"end":{"line":38,"column":28}},"17":{"start":{"line":39,"column":6},"end":{"line":39,"column":28}},"18":{"start":{"line":41,"column":6},"end":{"line":41,"column":54}},"19":{"start":{"line":45,"column":25},"end":{"line":59,"column":3}},"20":{"start":{"line":46,"column":34},"end":{"line":49,"column":25}},"21":{"start":{"line":51,"column":4},"end":{"line":54,"column":5}},"22":{"start":{"line":52,"column":6},"end":{"line":52,"column":52}},"23":{"start":{"line":53,"column":6},"end":{"line":53,"column":13}},"24":{"start":{"line":56,"column":26},"end":{"line":56,"column":53}},"25":{"start":{"line":57,"column":4},"end":{"line":57,"column":32}},"26":{"start":{"line":58,"column":4},"end":{"line":58,"column":32}},"27":{"start":{"line":61,"column":30},"end":{"line":68,"column":3}},"28":{"start":{"line":62,"column":33},"end":{"line":66,"column":32}},"29":{"start":{"line":67,"column":4},"end":{"line":67,"column":30}},"30":{"start":{"line":70,"column":2},"end":{"line":74,"column":9}},"31":{"start":{"line":71,"column":4},"end":{"line":71,"column":18}},"32":{"start":{"line":72,"column":4},"end":{"line":72,"column":20}},"33":{"start":{"line":73,"column":4},"end":{"line":73,"column":21}},"34":{"start":{"line":76,"column":2},"end":{"line":78,"column":16}},"35":{"start":{"line":77,"column":4},"end":{"line":77,"column":26}},"36":{"start":{"line":80,"column":23},"end":{"line":93,"column":3}},"37":{"start":{"line":81,"column":4},"end":{"line":81,"column":26}},"38":{"start":{"line":82,"column":4},"end":{"line":92,"column":5}},"39":{"start":{"line":83,"column":6},"end":{"line":87,"column":31}},"40":{"start":{"line":88,"column":6},"end":{"line":88,"column":49}},"41":{"start":{"line":89,"column":6},"end":{"line":89,"column":23}},"42":{"start":{"line":91,"column":6},"end":{"line":91,"column":61}},"43":{"start":{"line":95,"column":17},"end":{"line":134,"column":3}},"44":{"start":{"line":96,"column":23},"end":{"line":98,"column":5}},"45":{"start":{"line":97,"column":6},"end":{"line":97,"column":23}},"46":{"start":{"line":99,"column":23},"end":{"line":105,"column":5}},"47":{"start":{"line":102,"column":6},"end":{"line":102,"column":29}},"48":{"start":{"line":103,"column":6},"end":{"line":103,"column":24}},"49":{"start":{"line":104,"column":6},"end":{"line":104,"column":21}},"50":{"start":{"line":107,"column":4},"end":{"line":123,"column":5}},"51":{"start":{"line":108,"column":6},"end":{"line":122,"column":8}},"52":{"start":{"line":125,"column":4},"end":{"line":133,"column":6}},"53":{"start":{"line":137,"column":25},"end":{"line":155,"column":3}},"54":{"start":{"line":138,"column":4},"end":{"line":154,"column":5}},"55":{"start":{"line":139,"column":6},"end":{"line":149,"column":8}},"56":{"start":{"line":141,"column":10},"end":{"line":147,"column":31}},"57":{"start":{"line":150,"column":6},"end":{"line":150,"column":53}},"58":{"start":{"line":151,"column":6},"end":{"line":151,"column":28}},"59":{"start":{"line":153,"column":6},"end":{"line":153,"column":65}},"60":{"start":{"line":157,"column":22},"end":{"line":241,"column":3}},"61":{"start":{"line":158,"column":42},"end":{"line":158,"column":54}},"62":{"start":{"line":159,"column":44},"end":{"line":159,"column":56}},"63":{"start":{"line":161,"column":4},"end":{"line":168,"column":19}},"64":{"start":{"line":163,"column":33},"end":{"line":166,"column":9}},"65":{"start":{"line":163,"column":57},"end":{"line":166,"column":7}},"66":{"start":{"line":167,"column":6},"end":{"line":167,"column":41}},"67":{"start":{"line":170,"column":35},"end":{"line":176,"column":5}},"68":{"start":{"line":172,"column":33},"end":{"line":174,"column":7}},"69":{"start":{"line":173,"column":8},"end":{"line":173,"column":74}},"70":{"start":{"line":175,"column":6},"end":{"line":175,"column":41}},"71":{"start":{"line":178,"column":23},"end":{"line":199,"column":5}},"72":{"start":{"line":180,"column":30},"end":{"line":180,"column":106}},"73":{"start":{"line":180,"column":64},"end":{"line":180,"column":102}},"74":{"start":{"line":183,"column":6},"end":{"line":186,"column":7}},"75":{"start":{"line":184,"column":8},"end":{"line":184,"column":63}},"76":{"start":{"line":185,"column":8},"end":{"line":185,"column":15}},"77":{"start":{"line":188,"column":32},"end":{"line":192,"column":9}},"78":{"start":{"line":188,"column":63},"end":{"line":192,"column":7}},"79":{"start":{"line":195,"column":6},"end":{"line":195,"column":46}},"80":{"start":{"line":196,"column":6},"end":{"line":196,"column":55}},"81":{"start":{"line":197,"column":6},"end":{"line":197,"column":26}},"82":{"start":{"line":198,"column":6},"end":{"line":198,"column":37}},"83":{"start":{"line":201,"column":4},"end":{"line":240,"column":6}},"84":{"start":{"line":215,"column":12},"end":{"line":229,"column":19}},"85":{"start":{"line":223,"column":47},"end":{"line":223,"column":75}},"86":{"start":{"line":224,"column":41},"end":{"line":224,"column":85}},"87":{"start":{"line":243,"column":18},"end":{"line":310,"column":3}},"88":{"start":{"line":244,"column":42},"end":{"line":244,"column":54}},"89":{"start":{"line":245,"column":46},"end":{"line":245,"column":58}},"90":{"start":{"line":246,"column":58},"end":{"line":246,"column":70}},"91":{"start":{"line":248,"column":4},"end":{"line":251,"column":11}},"92":{"start":{"line":250,"column":6},"end":{"line":250,"column":25}},"93":{"start":{"line":253,"column":29},"end":{"line":263,"column":5}},"94":{"start":{"line":254,"column":6},"end":{"line":262,"column":7}},"95":{"start":{"line":255,"column":32},"end":{"line":255,"column":85}},"96":{"start":{"line":256,"column":8},"end":{"line":258,"column":9}},"97":{"start":{"line":257,"column":10},"end":{"line":257,"column":22}},"98":{"start":{"line":259,"column":8},"end":{"line":259,"column":29}},"99":{"start":{"line":261,"column":8},"end":{"line":261,"column":67}},"100":{"start":{"line":265,"column":26},"end":{"line":277,"column":5}},"101":{"start":{"line":266,"column":6},"end":{"line":276,"column":7}},"102":{"start":{"line":267,"column":32},"end":{"line":267,"column":142}},"103":{"start":{"line":268,"column":8},"end":{"line":270,"column":9}},"104":{"start":{"line":269,"column":10},"end":{"line":269,"column":22}},"105":{"start":{"line":271,"column":8},"end":{"line":271,"column":29}},"106":{"start":{"line":272,"column":8},"end":{"line":272,"column":35}},"107":{"start":{"line":273,"column":8},"end":{"line":273,"column":27}},"108":{"start":{"line":275,"column":8},"end":{"line":275,"column":64}},"109":{"start":{"line":279,"column":4},"end":{"line":309,"column":6}},"110":{"start":{"line":284,"column":12},"end":{"line":287,"column":19}},"111":{"start":{"line":312,"column":2},"end":{"line":322,"column":4}},"112":{"start":{"line":325,"column":15},"end":{"line":365,"column":2}}},"fnMap":{"0":{"name":"EditBudget","decl":{"start":{"line":8,"column":9},"end":{"line":8,"column":19}},"loc":{"start":{"line":8,"column":22},"end":{"line":323,"column":1}},"line":8},"1":{"name":"(anonymous_1)","decl":{"start":{"line":17,"column":22},"end":{"line":17,"column":23}},"loc":{"start":{"line":17,"column":34},"end":{"line":28,"column":3}},"line":17},"2":{"name":"(anonymous_2)","decl":{"start":{"line":30,"column":24},"end":{"line":30,"column":25}},"loc":{"start":{"line":30,"column":36},"end":{"line":43,"column":3}},"line":30},"3":{"name":"(anonymous_3)","decl":{"start":{"line":45,"column":25},"end":{"line":45,"column":26}},"loc":{"start":{"line":45,"column":37},"end":{"line":59,"column":3}},"line":45},"4":{"name":"(anonymous_4)","decl":{"start":{"line":61,"column":30},"end":{"line":61,"column":31}},"loc":{"start":{"line":61,"column":42},"end":{"line":68,"column":3}},"line":61},"5":{"name":"(anonymous_5)","decl":{"start":{"line":70,"column":12},"end":{"line":70,"column":13}},"loc":{"start":{"line":70,"column":18},"end":{"line":74,"column":3}},"line":70},"6":{"name":"(anonymous_6)","decl":{"start":{"line":76,"column":12},"end":{"line":76,"column":13}},"loc":{"start":{"line":76,"column":18},"end":{"line":78,"column":3}},"line":76},"7":{"name":"(anonymous_7)","decl":{"start":{"line":80,"column":23},"end":{"line":80,"column":24}},"loc":{"start":{"line":80,"column":35},"end":{"line":93,"column":3}},"line":80},"8":{"name":"(anonymous_8)","decl":{"start":{"line":95,"column":17},"end":{"line":95,"column":18}},"loc":{"start":{"line":95,"column":33},"end":{"line":134,"column":3}},"line":95},"9":{"name":"(anonymous_9)","decl":{"start":{"line":96,"column":23},"end":{"line":96,"column":24}},"loc":{"start":{"line":96,"column":29},"end":{"line":98,"column":5}},"line":96},"10":{"name":"(anonymous_10)","decl":{"start":{"line":99,"column":23},"end":{"line":99,"column":24}},"loc":{"start":{"line":99,"column":29},"end":{"line":105,"column":5}},"line":99},"11":{"name":"(anonymous_11)","decl":{"start":{"line":137,"column":25},"end":{"line":137,"column":26}},"loc":{"start":{"line":137,"column":54},"end":{"line":155,"column":3}},"line":137},"12":{"name":"(anonymous_12)","decl":{"start":{"line":140,"column":30},"end":{"line":140,"column":31}},"loc":{"start":{"line":141,"column":10},"end":{"line":147,"column":31}},"line":141},"13":{"name":"(anonymous_13)","decl":{"start":{"line":157,"column":22},"end":{"line":157,"column":23}},"loc":{"start":{"line":157,"column":28},"end":{"line":241,"column":3}},"line":157},"14":{"name":"(anonymous_14)","decl":{"start":{"line":161,"column":14},"end":{"line":161,"column":15}},"loc":{"start":{"line":161,"column":20},"end":{"line":168,"column":5}},"line":161},"15":{"name":"(anonymous_15)","decl":{"start":{"line":163,"column":46},"end":{"line":163,"column":47}},"loc":{"start":{"line":163,"column":57},"end":{"line":166,"column":7}},"line":163},"16":{"name":"(anonymous_16)","decl":{"start":{"line":170,"column":35},"end":{"line":170,"column":36}},"loc":{"start":{"line":170,"column":56},"end":{"line":176,"column":5}},"line":170},"17":{"name":"(anonymous_17)","decl":{"start":{"line":172,"column":49},"end":{"line":172,"column":50}},"loc":{"start":{"line":173,"column":8},"end":{"line":173,"column":74}},"line":173},"18":{"name":"(anonymous_18)","decl":{"start":{"line":178,"column":23},"end":{"line":178,"column":24}},"loc":{"start":{"line":178,"column":35},"end":{"line":199,"column":5}},"line":178},"19":{"name":"(anonymous_19)","decl":{"start":{"line":180,"column":49},"end":{"line":180,"column":50}},"loc":{"start":{"line":180,"column":64},"end":{"line":180,"column":102}},"line":180},"20":{"name":"(anonymous_20)","decl":{"start":{"line":188,"column":45},"end":{"line":188,"column":46}},"loc":{"start":{"line":188,"column":63},"end":{"line":192,"column":7}},"line":188},"21":{"name":"(anonymous_21)","decl":{"start":{"line":214,"column":24},"end":{"line":214,"column":25}},"loc":{"start":{"line":215,"column":12},"end":{"line":229,"column":19}},"line":215},"22":{"name":"(anonymous_22)","decl":{"start":{"line":223,"column":40},"end":{"line":223,"column":41}},"loc":{"start":{"line":223,"column":47},"end":{"line":223,"column":75}},"line":223},"23":{"name":"(anonymous_23)","decl":{"start":{"line":224,"column":30},"end":{"line":224,"column":31}},"loc":{"start":{"line":224,"column":41},"end":{"line":224,"column":85}},"line":224},"24":{"name":"(anonymous_24)","decl":{"start":{"line":243,"column":18},"end":{"line":243,"column":19}},"loc":{"start":{"line":243,"column":24},"end":{"line":310,"column":3}},"line":243},"25":{"name":"(anonymous_25)","decl":{"start":{"line":248,"column":14},"end":{"line":248,"column":15}},"loc":{"start":{"line":248,"column":20},"end":{"line":251,"column":5}},"line":248},"26":{"name":"(anonymous_26)","decl":{"start":{"line":253,"column":29},"end":{"line":253,"column":30}},"loc":{"start":{"line":253,"column":41},"end":{"line":263,"column":5}},"line":253},"27":{"name":"(anonymous_27)","decl":{"start":{"line":265,"column":26},"end":{"line":265,"column":27}},"loc":{"start":{"line":265,"column":38},"end":{"line":277,"column":5}},"line":265},"28":{"name":"(anonymous_28)","decl":{"start":{"line":283,"column":27},"end":{"line":283,"column":28}},"loc":{"start":{"line":284,"column":12},"end":{"line":287,"column":19}},"line":284}},"branchMap":{"0":{"loc":{"start":{"line":51,"column":4},"end":{"line":54,"column":5}},"type":"if","locations":[{"start":{"line":51,"column":4},"end":{"line":54,"column":5}},{"start":{},"end":{}}],"line":51},"1":{"loc":{"start":{"line":107,"column":4},"end":{"line":123,"column":5}},"type":"if","locations":[{"start":{"line":107,"column":4},"end":{"line":123,"column":5}},{"start":{},"end":{}}],"line":107},"2":{"loc":{"start":{"line":173,"column":8},"end":{"line":173,"column":74}},"type":"cond-expr","locations":[{"start":{"line":173,"column":37},"end":{"line":173,"column":67}},{"start":{"line":173,"column":70},"end":{"line":173,"column":74}}],"line":173},"3":{"loc":{"start":{"line":180,"column":81},"end":{"line":180,"column":101}},"type":"binary-expr","locations":[{"start":{"line":180,"column":81},"end":{"line":180,"column":96}},{"start":{"line":180,"column":100},"end":{"line":180,"column":101}}],"line":180},"4":{"loc":{"start":{"line":183,"column":6},"end":{"line":186,"column":7}},"type":"if","locations":[{"start":{"line":183,"column":6},"end":{"line":186,"column":7}},{"start":{},"end":{}}],"line":183},"5":{"loc":{"start":{"line":190,"column":18},"end":{"line":190,"column":63}},"type":"binary-expr","locations":[{"start":{"line":190,"column":18},"end":{"line":190,"column":46}},{"start":{"line":190,"column":50},"end":{"line":190,"column":63}}],"line":190},"6":{"loc":{"start":{"line":191,"column":20},"end":{"line":191,"column":73}},"type":"binary-expr","locations":[{"start":{"line":191,"column":20},"end":{"line":191,"column":50}},{"start":{"line":191,"column":54},"end":{"line":191,"column":73}}],"line":191},"7":{"loc":{"start":{"line":238,"column":9},"end":{"line":238,"column":106}},"type":"binary-expr","locations":[{"start":{"line":238,"column":9},"end":{"line":238,"column":28}},{"start":{"line":238,"column":32},"end":{"line":238,"column":106}}],"line":238},"8":{"loc":{"start":{"line":256,"column":8},"end":{"line":258,"column":9}},"type":"if","locations":[{"start":{"line":256,"column":8},"end":{"line":258,"column":9}},{"start":{},"end":{}}],"line":256},"9":{"loc":{"start":{"line":268,"column":8},"end":{"line":270,"column":9}},"type":"if","locations":[{"start":{"line":268,"column":8},"end":{"line":270,"column":9}},{"start":{},"end":{}}],"line":268}},"s":{"0":0,"1":0,"2":0,"3":0,"4":0,"5":0,"6":0,"7":0,"8":0,"9":0,"10":0,"11":0,"12":0,"13":0,"14":0,"15":0,"16":0,"17":0,"18":0,"19":0,"20":0,"21":0,"22":0,"23":0,"24":0,"25":0,"26":0,"27":0,"28":0,"29":0,"30":0,"31":0,"32":0,"33":0,"34":0,"35":0,"36":0,"37":0,"38":0,"39":0,"40":0,"41":0,"42":0,"43":0,"44":0,"45":0,"46":0,"47":0,"48":0,"49":0,"50":0,"51":0,"52":0,"53":0,"54":0,"55":0,"56":0,"57":0,"58":0,"59":0,"60":0,"61":0,"62":0,"63":0,"64":0,"65":0,"66":0,"67":0,"68":0,"69":0,"70":0,"71":0,"72":0,"73":0,"74":0,"75":0,"76":0,"77":0,"78":0,"79":0,"80":0,"81":0,"82":0,"83":0,"84":0,"85":0,"86":0,"87":0,"88":0,"89":0,"90":0,"91":0,"92":0,"93":0,"94":0,"95":0,"96":0,"97":0,"98":0,"99":0,"100":0,"101":0,"102":0,"103":0,"104":0,"105":0,"106":0,"107":0,"108":0,"109":0,"110":0,"111":0,"112":0},"f":{"0":0,"1":0,"2":0,"3":0,"4":0,"5":0,"6":0,"7":0,"8":0,"9":0,"10":0,"11":0,"12":0,"13":0,"14":0,"15":0,"16":0,"17":0,"18":0,"19":0,"20":0,"21":0,"22":0,"23":0,"24":0,"25":0,"26":0,"27":0,"28":0},"b":{"0":[0,0],"1":[0,0],"2":[0,0],"3":[0,0],"4":[0,0],"5":[0,0],"6":[0,0],"7":[0,0],"8":[0,0],"9":[0,0]}}
,"/Users/ruxintay/Desktop/BuddyJet-Orbital2023/app/(home)/Budget/MakeBudget.jsx": {"path":"/Users/ruxintay/Desktop/BuddyJet-Orbital2023/app/(home)/Budget/MakeBudget.jsx","statementMap":{"0":{"start":{"line":17,"column":19},"end":{"line":17,"column":30}},"1":{"start":{"line":18,"column":32},"end":{"line":18,"column":44}},"2":{"start":{"line":19,"column":42},"end":{"line":19,"column":54}},"3":{"start":{"line":20,"column":15},"end":{"line":20,"column":41}},"4":{"start":{"line":21,"column":16},"end":{"line":21,"column":48}},"5":{"start":{"line":57,"column":26},"end":{"line":60,"column":7}},"6":{"start":{"line":59,"column":8},"end":{"line":59,"column":40}},"7":{"start":{"line":62,"column":33},"end":{"line":74,"column":7}},"8":{"start":{"line":63,"column":8},"end":{"line":73,"column":10}},"9":{"start":{"line":77,"column":4},"end":{"line":88,"column":6}},"10":{"start":{"line":91,"column":15},"end":{"line":149,"column":1}}},"fnMap":{"0":{"name":"MakeBudget","decl":{"start":{"line":16,"column":9},"end":{"line":16,"column":19}},"loc":{"start":{"line":16,"column":22},"end":{"line":89,"column":1}},"line":16},"1":{"name":"(anonymous_1)","decl":{"start":{"line":57,"column":26},"end":{"line":57,"column":27}},"loc":{"start":{"line":57,"column":32},"end":{"line":60,"column":7}},"line":57},"2":{"name":"(anonymous_2)","decl":{"start":{"line":62,"column":33},"end":{"line":62,"column":34}},"loc":{"start":{"line":62,"column":39},"end":{"line":74,"column":7}},"line":62}},"branchMap":{},"s":{"0":0,"1":0,"2":0,"3":0,"4":0,"5":0,"6":0,"7":0,"8":0,"9":0,"10":0},"f":{"0":0,"1":0,"2":0},"b":{}}
,"/Users/ruxintay/Desktop/BuddyJet-Orbital2023/app/(home)/Budget/TextFieldInput.jsx": {"path":"/Users/ruxintay/Desktop/BuddyJet-Orbital2023/app/(home)/Budget/TextFieldInput.jsx","statementMap":{"0":{"start":{"line":6,"column":4},"end":{"line":18,"column":6}},"1":{"start":{"line":21,"column":15},"end":{"line":43,"column":2}}},"fnMap":{"0":{"name":"TextFieldInput","decl":{"start":{"line":5,"column":9},"end":{"line":5,"column":23}},"loc":{"start":{"line":5,"column":55},"end":{"line":19,"column":1}},"line":5}},"branchMap":{"0":{"loc":{"start":{"line":13,"column":33},"end":{"line":13,"column":86}},"type":"binary-expr","locations":[{"start":{"line":13,"column":33},"end":{"line":13,"column":54}},{"start":{"line":13,"column":59},"end":{"line":13,"column":85}}],"line":13}},"s":{"0":0,"1":0},"f":{"0":0},"b":{"0":[0,0]}}
,"/Users/ruxintay/Desktop/BuddyJet-Orbital2023/app/(home)/Budget/_layout.jsx": {"path":"/Users/ruxintay/Desktop/BuddyJet-Orbital2023/app/(home)/Budget/_layout.jsx","statementMap":{"0":{"start":{"line":6,"column":4},"end":{"line":10,"column":6}}},"fnMap":{"0":{"name":"BudgetLayout","decl":{"start":{"line":5,"column":9},"end":{"line":5,"column":21}},"loc":{"start":{"line":5,"column":24},"end":{"line":11,"column":1}},"line":5}},"branchMap":{},"s":{"0":0},"f":{"0":0},"b":{}}
,"/Users/ruxintay/Desktop/BuddyJet-Orbital2023/app/(home)/Budget/index.js": {"path":"/Users/ruxintay/Desktop/BuddyJet-Orbital2023/app/(home)/Budget/index.js","statementMap":{"0":{"start":{"line":14,"column":19},"end":{"line":14,"column":30}},"1":{"start":{"line":15,"column":34},"end":{"line":15,"column":48}},"2":{"start":{"line":16,"column":40},"end":{"line":16,"column":55}},"3":{"start":{"line":18,"column":20},"end":{"line":22,"column":5}},"4":{"start":{"line":19,"column":8},"end":{"line":19,"column":22}},"5":{"start":{"line":20,"column":8},"end":{"line":20,"column":28}},"6":{"start":{"line":21,"column":8},"end":{"line":21,"column":30}},"7":{"start":{"line":26,"column":31},"end":{"line":42,"column":7}},"8":{"start":{"line":27,"column":8},"end":{"line":41,"column":10}},"9":{"start":{"line":34,"column":12},"end":{"line":34,"column":48}},"10":{"start":{"line":44,"column":21},"end":{"line":52,"column":7}},"11":{"start":{"line":45,"column":8},"end":{"line":51,"column":10}},"12":{"start":{"line":55,"column":36},"end":{"line":55,"column":48}},"13":{"start":{"line":56,"column":46},"end":{"line":56,"column":57}},"14":{"start":{"line":57,"column":38},"end":{"line":57,"column":49}},"15":{"start":{"line":60,"column":26},"end":{"line":86,"column":7}},"16":{"start":{"line":61,"column":8},"end":{"line":61,"column":27}},"17":{"start":{"line":62,"column":38},"end":{"line":65,"column":31}},"18":{"start":{"line":67,"column":26},"end":{"line":67,"column":46}},"19":{"start":{"line":69,"column":8},"end":{"line":69,"column":31}},"20":{"start":{"line":70,"column":8},"end":{"line":70,"column":30}},"21":{"start":{"line":71,"column":8},"end":{"line":71,"column":29}},"22":{"start":{"line":73,"column":10},"end":{"line":75,"column":11}},"23":{"start":{"line":74,"column":12},"end":{"line":74,"column":30}},"24":{"start":{"line":77,"column":10},"end":{"line":79,"column":11}},"25":{"start":{"line":78,"column":12},"end":{"line":78,"column":29}},"26":{"start":{"line":81,"column":10},"end":{"line":83,"column":11}},"27":{"start":{"line":82,"column":12},"end":{"line":82,"column":58}},"28":{"start":{"line":85,"column":10},"end":{"line":85,"column":30}},"29":{"start":{"line":88,"column":4},"end":{"line":90,"column":9}},"30":{"start":{"line":89,"column":8},"end":{"line":89,"column":22}},"31":{"start":{"line":92,"column":4},"end":{"line":98,"column":19}},"32":{"start":{"line":93,"column":8},"end":{"line":96,"column":9}},"33":{"start":{"line":94,"column":12},"end":{"line":94,"column":26}},"34":{"start":{"line":95,"column":12},"end":{"line":95,"column":33}},"35":{"start":{"line":102,"column":30},"end":{"line":109,"column":5}},"36":{"start":{"line":103,"column":8},"end":{"line":103,"column":27}},"37":{"start":{"line":104,"column":28},"end":{"line":104,"column":119}},"38":{"start":{"line":106,"column":21},"end":{"line":106,"column":48}},"39":{"start":{"line":107,"column":6},"end":{"line":107,"column":31}},"40":{"start":{"line":108,"column":6},"end":{"line":108,"column":26}},"41":{"start":{"line":112,"column":32},"end":{"line":118,"column":5}},"42":{"start":{"line":113,"column":8},"end":{"line":113,"column":28}},"43":{"start":{"line":114,"column":33},"end":{"line":114,"column":147}},"44":{"start":{"line":115,"column":6},"end":{"line":115,"column":32}},"45":{"start":{"line":116,"column":6},"end":{"line":116,"column":31}},"46":{"start":{"line":117,"column":6},"end":{"line":117,"column":27}},"47":{"start":{"line":120,"column":4},"end":{"line":126,"column":21}},"48":{"start":{"line":121,"column":8},"end":{"line":124,"column":9}},"49":{"start":{"line":122,"column":10},"end":{"line":122,"column":30}},"50":{"start":{"line":123,"column":10},"end":{"line":123,"column":32}},"51":{"start":{"line":128,"column":6},"end":{"line":135,"column":23}},"52":{"start":{"line":129,"column":8},"end":{"line":133,"column":9}},"53":{"start":{"line":130,"column":10},"end":{"line":130,"column":30}},"54":{"start":{"line":131,"column":10},"end":{"line":131,"column":32}},"55":{"start":{"line":132,"column":10},"end":{"line":132,"column":31}},"56":{"start":{"line":138,"column":22},"end":{"line":154,"column":5}},"57":{"start":{"line":139,"column":6},"end":{"line":153,"column":8}},"58":{"start":{"line":141,"column":31},"end":{"line":141,"column":67}},"59":{"start":{"line":144,"column":10},"end":{"line":149,"column":17}},"60":{"start":{"line":157,"column":25},"end":{"line":173,"column":5}},"61":{"start":{"line":158,"column":6},"end":{"line":172,"column":8}},"62":{"start":{"line":180,"column":3},"end":{"line":212,"column":7}},"63":{"start":{"line":182,"column":4},"end":{"line":198,"column":6}},"64":{"start":{"line":201,"column":4},"end":{"line":211,"column":6}},"65":{"start":{"line":217,"column":15},"end":{"line":268,"column":6}}},"fnMap":{"0":{"name":"Budget","decl":{"start":{"line":13,"column":24},"end":{"line":13,"column":30}},"loc":{"start":{"line":13,"column":33},"end":{"line":213,"column":1}},"line":13},"1":{"name":"(anonymous_1)","decl":{"start":{"line":18,"column":20},"end":{"line":18,"column":21}},"loc":{"start":{"line":18,"column":26},"end":{"line":22,"column":5}},"line":18},"2":{"name":"(anonymous_2)","decl":{"start":{"line":26,"column":31},"end":{"line":26,"column":32}},"loc":{"start":{"line":26,"column":37},"end":{"line":42,"column":7}},"line":26},"3":{"name":"(anonymous_3)","decl":{"start":{"line":33,"column":19},"end":{"line":33,"column":20}},"loc":{"start":{"line":33,"column":25},"end":{"line":36,"column":11}},"line":33},"4":{"name":"(anonymous_4)","decl":{"start":{"line":44,"column":21},"end":{"line":44,"column":22}},"loc":{"start":{"line":44,"column":27},"end":{"line":52,"column":7}},"line":44},"5":{"name":"(anonymous_5)","decl":{"start":{"line":60,"column":26},"end":{"line":60,"column":27}},"loc":{"start":{"line":60,"column":38},"end":{"line":86,"column":7}},"line":60},"6":{"name":"(anonymous_6)","decl":{"start":{"line":88,"column":14},"end":{"line":88,"column":15}},"loc":{"start":{"line":88,"column":20},"end":{"line":90,"column":5}},"line":88},"7":{"name":"(anonymous_7)","decl":{"start":{"line":92,"column":14},"end":{"line":92,"column":15}},"loc":{"start":{"line":92,"column":20},"end":{"line":98,"column":5}},"line":92},"8":{"name":"(anonymous_8)","decl":{"start":{"line":102,"column":30},"end":{"line":102,"column":31}},"loc":{"start":{"line":102,"column":42},"end":{"line":109,"column":5}},"line":102},"9":{"name":"(anonymous_9)","decl":{"start":{"line":112,"column":32},"end":{"line":112,"column":33}},"loc":{"start":{"line":112,"column":44},"end":{"line":118,"column":5}},"line":112},"10":{"name":"(anonymous_10)","decl":{"start":{"line":120,"column":14},"end":{"line":120,"column":15}},"loc":{"start":{"line":120,"column":20},"end":{"line":126,"column":7}},"line":120},"11":{"name":"(anonymous_11)","decl":{"start":{"line":128,"column":16},"end":{"line":128,"column":17}},"loc":{"start":{"line":128,"column":22},"end":{"line":135,"column":7}},"line":128},"12":{"name":"(anonymous_12)","decl":{"start":{"line":138,"column":22},"end":{"line":138,"column":23}},"loc":{"start":{"line":138,"column":28},"end":{"line":154,"column":5}},"line":138},"13":{"name":"(anonymous_13)","decl":{"start":{"line":141,"column":25},"end":{"line":141,"column":26}},"loc":{"start":{"line":141,"column":30},"end":{"line":141,"column":68}},"line":141},"14":{"name":"(anonymous_14)","decl":{"start":{"line":143,"column":22},"end":{"line":143,"column":23}},"loc":{"start":{"line":144,"column":10},"end":{"line":149,"column":17}},"line":144},"15":{"name":"(anonymous_15)","decl":{"start":{"line":157,"column":25},"end":{"line":157,"column":26}},"loc":{"start":{"line":157,"column":31},"end":{"line":173,"column":5}},"line":157}},"branchMap":{"0":{"loc":{"start":{"line":73,"column":10},"end":{"line":75,"column":11}},"type":"if","locations":[{"start":{"line":73,"column":10},"end":{"line":75,"column":11}},{"start":{},"end":{}}],"line":73},"1":{"loc":{"start":{"line":77,"column":10},"end":{"line":79,"column":11}},"type":"if","locations":[{"start":{"line":77,"column":10},"end":{"line":79,"column":11}},{"start":{},"end":{}}],"line":77},"2":{"loc":{"start":{"line":81,"column":10},"end":{"line":83,"column":11}},"type":"if","locations":[{"start":{"line":81,"column":10},"end":{"line":83,"column":11}},{"start":{},"end":{}}],"line":81},"3":{"loc":{"start":{"line":93,"column":8},"end":{"line":96,"column":9}},"type":"if","locations":[{"start":{"line":93,"column":8},"end":{"line":96,"column":9}},{"start":{},"end":{}}],"line":93},"4":{"loc":{"start":{"line":121,"column":8},"end":{"line":124,"column":9}},"type":"if","locations":[{"start":{"line":121,"column":8},"end":{"line":124,"column":9}},{"start":{},"end":{}}],"line":121},"5":{"loc":{"start":{"line":129,"column":8},"end":{"line":133,"column":9}},"type":"if","locations":[{"start":{"line":129,"column":8},"end":{"line":133,"column":9}},{"start":{},"end":{}}],"line":129},"6":{"loc":{"start":{"line":180,"column":3},"end":{"line":212,"column":7}},"type":"if","locations":[{"start":{"line":180,"column":3},"end":{"line":212,"column":7}},{"start":{"line":199,"column":11},"end":{"line":212,"column":7}}],"line":180}},"s":{"0":0,"1":0,"2":0,"3":0,"4":0,"5":0,"6":0,"7":0,"8":0,"9":0,"10":0,"11":0,"12":0,"13":0,"14":0,"15":0,"16":0,"17":0,"18":0,"19":0,"20":0,"21":0,"22":0,"23":0,"24":0,"25":0,"26":0,"27":0,"28":0,"29":0,"30":0,"31":0,"32":0,"33":0,"34":0,"35":0,"36":0,"37":0,"38":0,"39":0,"40":0,"41":0,"42":0,"43":0,"44":0,"45":0,"46":0,"47":0,"48":0,"49":0,"50":0,"51":0,"52":0,"53":0,"54":0,"55":0,"56":0,"57":0,"58":0,"59":0,"60":0,"61":0,"62":0,"63":0,"64":0,"65":0},"f":{"0":0,"1":0,"2":0,"3":0,"4":0,"5":0,"6":0,"7":0,"8":0,"9":0,"10":0,"11":0,"12":0,"13":0,"14":0,"15":0},"b":{"0":[0,0],"1":[0,0],"2":[0,0],"3":[0,0],"4":[0,0],"5":[0,0],"6":[0,0]}}
,"/Users/ruxintay/Desktop/BuddyJet-Orbital2023/app/(home)/Expenses/AddExpenses.jsx": {"path":"/Users/ruxintay/Desktop/BuddyJet-Orbital2023/app/(home)/Expenses/AddExpenses.jsx","statementMap":{"0":{"start":{"line":15,"column":40},"end":{"line":15,"column":52}},"1":{"start":{"line":16,"column":26},"end":{"line":16,"column":38}},"2":{"start":{"line":17,"column":30},"end":{"line":17,"column":42}},"3":{"start":{"line":18,"column":32},"end":{"line":18,"column":47}},"4":{"start":{"line":19,"column":30},"end":{"line":19,"column":42}},"5":{"start":{"line":20,"column":19},"end":{"line":20,"column":28}},"6":{"start":{"line":21,"column":17},"end":{"line":21,"column":28}},"7":{"start":{"line":22,"column":50},"end":{"line":22,"column":62}},"8":{"start":{"line":23,"column":56},"end":{"line":23,"column":68}},"9":{"start":{"line":26,"column":24},"end":{"line":59,"column":3}},"10":{"start":{"line":27,"column":23},"end":{"line":34,"column":5}},"11":{"start":{"line":35,"column":34},"end":{"line":35,"column":49}},"12":{"start":{"line":37,"column":4},"end":{"line":58,"column":6}},"13":{"start":{"line":50,"column":25},"end":{"line":50,"column":41}},"14":{"start":{"line":51,"column":24},"end":{"line":51,"column":41}},"15":{"start":{"line":53,"column":12},"end":{"line":53,"column":44}},"16":{"start":{"line":54,"column":12},"end":{"line":54,"column":30}},"17":{"start":{"line":62,"column":27},"end":{"line":93,"column":3}},"18":{"start":{"line":63,"column":25},"end":{"line":69,"column":5}},"19":{"start":{"line":70,"column":34},"end":{"line":70,"column":49}},"20":{"start":{"line":72,"column":4},"end":{"line":92,"column":6}},"21":{"start":{"line":84,"column":25},"end":{"line":84,"column":41}},"22":{"start":{"line":85,"column":24},"end":{"line":85,"column":41}},"23":{"start":{"line":87,"column":12},"end":{"line":87,"column":47}},"24":{"start":{"line":88,"column":12},"end":{"line":88,"column":30}},"25":{"start":{"line":96,"column":23},"end":{"line":144,"column":3}},"26":{"start":{"line":97,"column":4},"end":{"line":97,"column":18}},"27":{"start":{"line":98,"column":4},"end":{"line":101,"column":5}},"28":{"start":{"line":99,"column":6},"end":{"line":99,"column":46}},"29":{"start":{"line":100,"column":6},"end":{"line":100,"column":13}},"30":{"start":{"line":102,"column":4},"end":{"line":105,"column":5}},"31":{"start":{"line":103,"column":6},"end":{"line":103,"column":39}},"32":{"start":{"line":104,"column":6},"end":{"line":104,"column":13}},"33":{"start":{"line":106,"column":4},"end":{"line":109,"column":5}},"34":{"start":{"line":107,"column":6},"end":{"line":107,"column":41}},"35":{"start":{"line":108,"column":6},"end":{"line":108,"column":13}},"36":{"start":{"line":110,"column":4},"end":{"line":113,"column":5}},"37":{"start":{"line":111,"column":6},"end":{"line":111,"column":43}},"38":{"start":{"line":112,"column":6},"end":{"line":112,"column":13}},"39":{"start":{"line":114,"column":4},"end":{"line":117,"column":5}},"40":{"start":{"line":115,"column":6},"end":{"line":115,"column":47}},"41":{"start":{"line":116,"column":6},"end":{"line":116,"column":13}},"42":{"start":{"line":119,"column":4},"end":{"line":119,"column":21}},"43":{"start":{"line":122,"column":31},"end":{"line":122,"column":46}},"44":{"start":{"line":123,"column":28},"end":{"line":123,"column":53}},"45":{"start":{"line":125,"column":22},"end":{"line":134,"column":15}},"46":{"start":{"line":136,"column":4},"end":{"line":141,"column":5}},"47":{"start":{"line":137,"column":8},"end":{"line":137,"column":26}},"48":{"start":{"line":138,"column":8},"end":{"line":138,"column":27}},"49":{"start":{"line":139,"column":8},"end":{"line":139,"column":33}},"50":{"start":{"line":140,"column":8},"end":{"line":140,"column":15}},"51":{"start":{"line":142,"column":4},"end":{"line":142,"column":22}},"52":{"start":{"line":143,"column":4},"end":{"line":143,"column":18}},"53":{"start":{"line":146,"column":2},"end":{"line":174,"column":4}},"54":{"start":{"line":164,"column":20},"end":{"line":164,"column":35}},"55":{"start":{"line":177,"column":15},"end":{"line":264,"column":2}}},"fnMap":{"0":{"name":"AddExpenses","decl":{"start":{"line":13,"column":9},"end":{"line":13,"column":20}},"loc":{"start":{"line":13,"column":23},"end":{"line":175,"column":1}},"line":13},"1":{"name":"(anonymous_1)","decl":{"start":{"line":26,"column":24},"end":{"line":26,"column":25}},"loc":{"start":{"line":26,"column":30},"end":{"line":59,"column":3}},"line":26},"2":{"name":"(anonymous_2)","decl":{"start":{"line":50,"column":19},"end":{"line":50,"column":20}},"loc":{"start":{"line":50,"column":25},"end":{"line":50,"column":41}},"line":50},"3":{"name":"(anonymous_3)","decl":{"start":{"line":51,"column":18},"end":{"line":51,"column":19}},"loc":{"start":{"line":51,"column":24},"end":{"line":51,"column":41}},"line":51},"4":{"name":"(anonymous_4)","decl":{"start":{"line":52,"column":20},"end":{"line":52,"column":21}},"loc":{"start":{"line":52,"column":28},"end":{"line":55,"column":11}},"line":52},"5":{"name":"(anonymous_5)","decl":{"start":{"line":62,"column":27},"end":{"line":62,"column":28}},"loc":{"start":{"line":62,"column":33},"end":{"line":93,"column":3}},"line":62},"6":{"name":"(anonymous_6)","decl":{"start":{"line":84,"column":19},"end":{"line":84,"column":20}},"loc":{"start":{"line":84,"column":25},"end":{"line":84,"column":41}},"line":84},"7":{"name":"(anonymous_7)","decl":{"start":{"line":85,"column":18},"end":{"line":85,"column":19}},"loc":{"start":{"line":85,"column":24},"end":{"line":85,"column":41}},"line":85},"8":{"name":"(anonymous_8)","decl":{"start":{"line":86,"column":20},"end":{"line":86,"column":21}},"loc":{"start":{"line":86,"column":28},"end":{"line":89,"column":11}},"line":86},"9":{"name":"(anonymous_9)","decl":{"start":{"line":96,"column":23},"end":{"line":96,"column":24}},"loc":{"start":{"line":96,"column":35},"end":{"line":144,"column":3}},"line":96},"10":{"name":"(anonymous_10)","decl":{"start":{"line":163,"column":24},"end":{"line":163,"column":25}},"loc":{"start":{"line":163,"column":30},"end":{"line":165,"column":15}},"line":163}},"branchMap":{"0":{"loc":{"start":{"line":40,"column":35},"end":{"line":40,"column":69}},"type":"binary-expr","locations":[{"start":{"line":40,"column":35},"end":{"line":40,"column":42}},{"start":{"line":40,"column":46},"end":{"line":40,"column":69}}],"line":40},"1":{"loc":{"start":{"line":48,"column":23},"end":{"line":48,"column":55}},"type":"cond-expr","locations":[{"start":{"line":48,"column":34},"end":{"line":48,"column":47}},{"start":{"line":48,"column":50},"end":{"line":48,"column":55}}],"line":48},"2":{"loc":{"start":{"line":75,"column":35},"end":{"line":75,"column":69}},"type":"binary-expr","locations":[{"start":{"line":75,"column":35},"end":{"line":75,"column":42}},{"start":{"line":75,"column":46},"end":{"line":75,"column":69}}],"line":75},"3":{"loc":{"start":{"line":98,"column":4},"end":{"line":101,"column":5}},"type":"if","locations":[{"start":{"line":98,"column":4},"end":{"line":101,"column":5}},{"start":{},"end":{}}],"line":98},"4":{"loc":{"start":{"line":102,"column":4},"end":{"line":105,"column":5}},"type":"if","locations":[{"start":{"line":102,"column":4},"end":{"line":105,"column":5}},{"start":{},"end":{}}],"line":102},"5":{"loc":{"start":{"line":106,"column":4},"end":{"line":109,"column":5}},"type":"if","locations":[{"start":{"line":106,"column":4},"end":{"line":109,"column":5}},{"start":{},"end":{}}],"line":106},"6":{"loc":{"start":{"line":110,"column":4},"end":{"line":113,"column":5}},"type":"if","locations":[{"start":{"line":110,"column":4},"end":{"line":113,"column":5}},{"start":{},"end":{}}],"line":110},"7":{"loc":{"start":{"line":114,"column":4},"end":{"line":117,"column":5}},"type":"if","locations":[{"star
[...]
,"/Users/ruxintay/Desktop/BuddyJet-Orbital2023/app/components/BudgetProgressBar.jsx": {"path":"/Users/ruxintay/Desktop/BuddyJet-Orbital2023/app/components/BudgetProgressBar.jsx","statementMap":{"0":{"start":{"line":7,"column":26},"end":{"line":114,"column":1}},"1":{"start":{"line":8,"column":44},"end":{"line":8,"column":55}},"2":{"start":{"line":9,"column":30},"end":{"line":9,"column":41}},"3":{"start":{"line":10,"column":44},"end":{"line":10,"column":55}},"4":{"start":{"line":11,"column":32},"end":{"line":11,"column":43}},"5":{"start":{"line":12,"column":38},"end":{"line":12,"column":53}},"6":{"start":{"line":15,"column":20},"end":{"line":58,"column":50}},"7":{"start":{"line":17,"column":53},"end":{"line":20,"column":25}},"8":{"start":{"line":22,"column":4},"end":{"line":25,"column":5}},"9":{"start":{"line":23,"column":6},"end":{"line":23,"column":58}},"10":{"start":{"line":24,"column":6},"end":{"line":24,"column":13}},"11":{"start":{"line":27,"column":26},"end":{"line":27,"column":59}},"12":{"start":{"line":29,"column":4},"end":{"line":34,"column":5}},"13":{"start":{"line":30,"column":6},"end":{"line":30,"column":19}},"14":{"start":{"line":31,"column":6},"end":{"line":31,"column":20}},"15":{"start":{"line":33,"column":6},"end":{"line":33,"column":31}},"16":{"start":{"line":37,"column":23},"end":{"line":40,"column":5}},"17":{"start":{"line":42,"column":23},"end":{"line":42,"column":60}},"18":{"start":{"line":44,"column":49},"end":{"line":48,"column":87}},"19":{"start":{"line":50,"column":4},"end":{"line":53,"column":5}},"20":{"start":{"line":51,"column":6},"end":{"line":51,"column":55}},"21":{"start":{"line":52,"column":6},"end":{"line":52,"column":13}},"22":{"start":{"line":55,"column":33},"end":{"line":55,"column":89}},"23":{"start":{"line":55,"column":65},"end":{"line":55,"column":85}},"24":{"start":{"line":56,"column":4},"end":{"line":56,"column":43}},"25":{"start":{"line":60,"column":2},"end":{"line":62,"column":18}},"26":{"start":{"line":61,"column":4},"end":{"line":61,"column":16}},"27":{"start":{"line":64,"column":2},"end":{"line":71,"column":42}},"28":{"start":{"line":65,"column":4},"end":{"line":70,"column":5}},"29":{"start":{"line":66,"column":6},"end":{"line":66,"column":26}},"30":{"start":{"line":68,"column":6},"end":{"line":68,"column":47}},"31":{"start":{"line":69,"column":6},"end":{"line":69,"column":41}},"32":{"start":{"line":75,"column":14},"end":{"line":75,"column":23}},"33":{"start":{"line":77,"column":2},"end":{"line":83,"column":3}},"34":{"start":{"line":78,"column":4},"end":{"line":78,"column":21}},"35":{"start":{"line":79,"column":9},"end":{"line":83,"column":3}},"36":{"start":{"line":80,"column":4},"end":{"line":80,"column":21}},"37":{"start":{"line":81,"column":9},"end":{"line":83,"column":3}},"38":{"start":{"line":82,"column":4},"end":{"line":82,"column":21}},"39":{"start":{"line":85,"column":24},"end":{"line":89,"column":21}},"40":{"start":{"line":86,"column":4},"end":{"line":86,"column":24}},"41":{"start":{"line":87,"column":4},"end":{"line":87,"column":22}},"42":{"start":{"line":88,"column":4},"end":{"line":88,"column":25}},"43":{"start":{"line":92,"column":2},"end":{"line":113,"column":4}},"44":{"start":{"line":116,"column":15},"end":{"line":161,"column":2}}},"fnMap":{"0":{"name":"(anonymous_0)","decl":{"start":{"line":7,"column":26},"end":{"line":7,"column":27}},"loc":{"start":{"line":7,"column":63},"end":{"line":114,"column":1}},"line":7},"1":{"name":"(anonymous_1)","decl":{"start":{"line":15,"column":32},"end":{"line":15,"column":33}},"loc":{"start":{"line":15,"column":44},"end":{"line":58,"column":3}},"line":15},"2":{"name":"(anonymous_2)","decl":{"start":{"line":55,"column":47},"end":{"line":55,"column":48}},"loc":{"start":{"line":55,"column":65},"end":{"line":55,"column":85}},"line":55},"3":{"name":"(anonymous_3)","decl":{"start":{"line":60,"column":12},"end":{"line":60,"column":13}},"loc":{"start":{"line":60,"column":18},"end":{"line":62,"column":3}},"line":60},"4":{"name":"(anonymous_4)","decl":{"start":{"line":64,"column":12},"end":{"line":64,"column":13}},"loc":{"start":{"line":64,"column":18},"end":{"line":71,"column":3}},"line":64},"5":{"name":"(anonymous_5)","decl":{"start":{"line":85,"column":36},"end":{"line":85,"column":37}},"loc":{"start":{"line":85,"column":48},"end":{"line":89,"column":3}},"line":85}},"branchMap":{"0":{"loc":{"start":{"line":22,"column":4},"end":{"line":25,"column":5}},"type":"if","locations":[{"start":{"line":22,"column":4},"end":{"line":25,"column":5}},{"start":{},"end":{}}],"line":22},"1":{"loc":{"start":{"line":29,"column":4},"end":{"line":34,"column":5}},"type":"if","locations":[{"start":{"line":29,"column":4},"end":{"line":34,"column":5}},{"start":{"line":32,"column":11},"end":{"line":34,"column":5}}],"line":29},"2":{"loc":{"start":{"line":50,"column":4},"end":{"line":53,"column":5}},"type":"if","locations":[{"start":{"line":50,"column":4},"end":{"line":53,"column":5}},{"start":{},"end":{}}],"line":50},"3":{"loc":{"start":{"line":65,"column":4},"end":{"line":70,"column":5}},"type":"if","locations":[{"start":{"line":65,"column":4},"end":{"line":70,"column":5}},{"start":{"line":67,"column":11},"end":{"line":70,"column":5}}],"line":65},"4":{"loc":{"start":{"line":65,"column":8},"end":{"line":65,"column":50}},"type":"binary-expr","locations":[{"start":{"line":65,"column":8},"end":{"line":65,"column":18}},{"start":{"line":65,"column":22},"end":{"line":65,"column":33}},{"start":{"line":65,"column":37},"end":{"line":65,"column":50}}],"line":65},"5":{"loc":{"start":{"line":77,"column":2},"end":{"line":83,"column":3}},"type":"if","locations":[{"start":{"line":77,"column":2},"end":{"line":83,"column":3}},{"start":{"line":79,"column":9},"end":{"line":83,"column":3}}],"line":77},"6":{"loc":{"start":{"line":79,"column":9},"end":{"line":83,"column":3}},"type":"if","locations":[{"start":{"line":79,"column":9},"end":{"line":83,"column":3}},{"start":{"line":81,"column":9},"end":{"line":83,"column":3}}],"line":79},"7":{"loc":{"start":{"line":81,"column":9},"end":{"line":83,"column":3}},"type":"if","locations":[{"start":{"line":81,"column":9},"end":{"line":83,"column":3}},{"start":{},"end":{}}],"line":81}},"s":{"0":0,"1":0,"2":0,"3":0,"4":0,"5":0,"6":0,"7":0,"8":0,"9":0,"10":0,"11":0,"12":0,"13":0,"14":0,"15":0,"16":0,"17":0,"18":0,"19":0,"20":0,"21":0,"22":0,"23":0,"24":0,"25":0,"26":0,"27":0,"28":0,"29":0,"30":0,"31":0,"32":0,"33":0,"34":0,"35":0,"36":0,"37":0,"38":0,"39":0,"40":0,"41":0,"42":0,"43":0,"44":0},"f":{"0":0,"1":0,"2":0,"3":0,"4":0,"5":0},"b":{"0":[0,0],"1":[0,0],"2":[0,0],"3":[0,0],"4":[0,0,0],"5":[0,0],"6":[0,0],"7":[0,0]}}
,"/Users/ruxintay/Desktop/BuddyJet-Orbital2023/app/components/ExpensesBox.jsx": {"path":"/Users/ruxintay/Desktop/BuddyJet-Orbital2023/app/components/ExpensesBox.jsx","statementMap":{"0":{"start":{"line":3,"column":29},"end":{"line":19,"column":1}},"1":{"start":{"line":4,"column":2},"end":{"line":18,"column":4}},"2":{"start":{"line":21,"column":15},"end":{"line":61,"column":2}}},"fnMap":{"0":{"name":"(anonymous_0)","decl":{"start":{"line":3,"column":29},"end":{"line":3,"column":30}},"loc":{"start":{"line":3,"column":46},"end":{"line":19,"column":1}},"line":3}},"branchMap":{},"s":{"0":0,"1":0,"2":0},"f":{"0":0},"b":{}}
,"/Users/ruxintay/Desktop/BuddyJet-Orbital2023/app/components/MonthYearPicker.jsx": {"path":"/Users/ruxintay/Desktop/BuddyJet-Orbital2023/app/components/MonthYearPicker.jsx","statementMap":{"0":{"start":{"line":5,"column":24},"end":{"line":83,"column":1}},"1":{"start":{"line":7,"column":24},"end":{"line":7,"column":48}},"2":{"start":{"line":8,"column":25},"end":{"line":8,"column":80}},"3":{"start":{"line":9,"column":46},"end":{"line":9,"column":68}},"4":{"start":{"line":10,"column":44},"end":{"line":10,"column":65}},"5":{"start":{"line":11,"column":40},"end":{"line":11,"column":55}},"6":{"start":{"line":13,"column":29},"end":{"line":15,"column":5}},"7":{"start":{"line":14,"column":8},"end":{"line":14,"column":28}},"8":{"start":{"line":17,"column":30},"end":{"line":19,"column":5}},"9":{"start":{"line":18,"column":8},"end":{"line":18,"column":29}},"10":{"start":{"line":21,"column":29},"end":{"line":27,"column":5}},"11":{"start":{"line":23,"column":8},"end":{"line":23,"column":54}},"12":{"start":{"line":24,"column":8},"end":{"line":24,"column":52}},"13":{"start":{"line":25,"column":8},"end":{"line":25,"column":46}},"14":{"start":{"line":26,"column":8},"end":{"line":26,"column":29}},"15":{"start":{"line":29,"column":33},"end":{"line":35,"column":5}},"16":{"start":{"line":30,"column":23},"end":{"line":33,"column":9}},"17":{"start":{"line":34,"column":8},"end":{"line":34,"column":94}},"18":{"start":{"line":34,"column":37},"end":{"line":34,"column":92}},"19":{"start":{"line":37,"column":32},"end":{"line":48,"column":5}},"20":{"start":{"line":38,"column":28},"end":{"line":38,"column":52}},"21":{"start":{"line":39,"column":26},"end":{"line":39,"column":41}},"22":{"start":{"line":40,"column":24},"end":{"line":40,"column":35}},"23":{"start":{"line":41,"column":22},"end":{"line":41,"column":24}},"24":{"start":{"line":43,"column":8},"end":{"line":45,"column":9}},"25":{"start":{"line":43,"column":24},"end":{"line":43,"column":33}},"26":{"start":{"line":44,"column":8},"end":{"line":44,"column":36}},"27":{"start":{"line":47,"column":8},"end":{"line":47,"column":89}},"28":{"start":{"line":47,"column":35},"end":{"line":47,"column":87}},"29":{"start":{"line":50,"column":4},"end":{"line":82,"column":6}},"30":{"start":{"line":62,"column":58},"end":{"line":62,"column":85}},"31":{"start":{"line":69,"column":58},"end":{"line":69,"column":84}},"32":{"start":{"line":85,"column":15},"end":{"line":120,"column":2}}},"fnMap":{"0":{"name":"(anonymous_0)","decl":{"start":{"line":5,"column":24},"end":{"line":5,"column":25}},"loc":{"start":{"line":5,"column":42},"end":{"line":83,"column":1}},"line":5},"1":{"name":"(anonymous_1)","decl":{"start":{"line":13,"column":29},"end":{"line":13,"column":30}},"loc":{"start":{"line":13,"column":35},"end":{"line":15,"column":5}},"line":13},"2":{"name":"(anonymous_2)","decl":{"start":{"line":17,"column":30},"end":{"line":17,"column":31}},"loc":{"start":{"line":17,"column":36},"end":{"line":19,"column":5}},"line":17},"3":{"name":"(anonymous_3)","decl":{"start":{"line":21,"column":29},"end":{"line":21,"column":30}},"loc":{"start":{"line":21,"column":35},"end":{"line":27,"column":5}},"line":21},"4":{"name":"(anonymous_4)","decl":{"start":{"line":29,"column":33},"end":{"line":29,"column":34}},"loc":{"start":{"line":29,"column":39},"end":{"line":35,"column":5}},"line":29},"5":{"name":"(anonymous_5)","decl":{"start":{"line":34,"column":26},"end":{"line":34,"column":27}},"loc":{"start":{"line":34,"column":37},"end":{"line":34,"column":92}},"line":34},"6":{"name":"(anonymous_6)","decl":{"start":{"line":37,"column":32},"end":{"line":37,"column":33}},"loc":{"start":{"line":37,"column":38},"end":{"line":48,"column":5}},"line":37},"7":{"name":"(anonymous_7)","decl":{"start":{"line":47,"column":25},"end":{"line":47,"column":26}},"loc":{"start":{"line":47,"column":35},"end":{"line":47,"column":87}},"line":47},"8":{"name":"(anonymous_8)","decl":{"start":{"line":62,"column":43},"end":{"line":62,"column":44}},"loc":{"start":{"line":62,"column":58},"end":{"line":62,"column":85}},"line":62},"9":{"name":"(anonymous_9)","decl":{"start":{"line":69,"column":43},"end":{"line":69,"column":44}},"loc":{"start":{"line":69,"column":58},"end":{"line":69,"column":84}},"line":69}},"branchMap":{},"s":{"0":0,"1":0,"2":0,"3":0,"4":0,"5":0,"6":0,"7":0,"8":0,"9":0,"10":0,"11":0,"12":0,"13":0,"14":0,"15":0,"16":0,"17":0,"18":0,"19":0,"20":0,"21":0,"22":0,"23":0,"24":0,"25":0,"26":0,"27":0,"28":0,"29":0,"30":0,"31":0,"32":0},"f":{"0":0,"1":0,"2":0,"3":0,"4":0,"5":0,"6":0,"7":0,"8":0,"9":0},"b":{}}
,"/Users/ruxintay/Desktop/BuddyJet-Orbital2023/app/components/TextFieldInput.jsx": {"path":"/Users/ruxintay/Desktop/BuddyJet-Orbital2023/app/components/TextFieldInput.jsx","statementMap":{"0":{"start":{"line":6,"column":4},"end":{"line":20,"column":6}},"1":{"start":{"line":23,"column":15},"end":{"line":46,"column":2}}},"fnMap":{"0":{"name":"TextFieldInput","decl":{"start":{"line":5,"column":9},"end":{"line":5,"column":23}},"loc":{"start":{"line":5,"column":56},"end":{"line":21,"column":1}},"line":5}},"branchMap":{"0":{"loc":{"start":{"line":13,"column":33},"end":{"line":14,"column":111}},"type":"binary-expr","locations":[{"start":{"line":13,"column":33},"end":{"line":13,"column":54}},{"start":{"line":13,"column":59},"end":{"line":13,"column":86}},{"start":{"line":14,"column":21},"end":{"line":14,"column":52}},{"start":{"line":14,"column":58},"end":{"line":14,"column":81}},{"start":{"line":14,"column":87},"end":{"line":14,"column":110}}],"line":13}},"s":{"0":0,"1":0},"f":{"0":0},"b":{"0":[0,0,0,0,0]}}
,"/Users/ruxintay/Desktop/BuddyJet-Orbital2023/contexts/auth.js": {"path":"/Users/ruxintay/Desktop/BuddyJet-Orbital2023/contexts/auth.js","statementMap":{"0":{"start":{"line":6,"column":20},"end":{"line":6,"column":37}},"1":{"start":{"line":10,"column":4},"end":{"line":10,"column":35}},"2":{"start":{"line":15,"column":21},"end":{"line":15,"column":34}},"3":{"start":{"line":16,"column":19},"end":{"line":16,"column":30}},"4":{"start":{"line":18,"column":4},"end":{"line":33,"column":33}},"5":{"start":{"line":19,"column":8},"end":{"line":19,"column":58}},"6":{"start":{"line":20,"column":28},"end":{"line":20,"column":62}},"7":{"start":{"line":22,"column":8},"end":{"line":32,"column":9}},"8":{"start":{"line":24,"column":12},"end":{"line":24,"column":55}},"9":{"start":{"line":25,"column":12},"end":{"line":25,"column":32}},"10":{"start":{"line":26,"column":15},"end":{"line":32,"column":9}},"11":{"start":{"line":27,"column":12},"end":{"line":31,"column":13}},"12":{"start":{"line":28,"column":16},"end":{"line":28,"column":67}},"13":{"start":{"line":29,"column":19},"end":{"line":31,"column":13}},"14":{"start":{"line":30,"column":16},"end":{"line":30,"column":51}},"15":{"start":{"line":37,"column":26},"end":{"line":37,"column":40}},"16":{"start":{"line":38,"column":2},"end":{"line":38,"column":26}},"17":{"start":{"line":40,"column":2},"end":{"line":52,"column":9}},"18":{"start":{"line":41,"column":6},"end":{"line":41,"column":51}},"19":{"start":{"line":42,"column":23},"end":{"line":49,"column":8}},"20":{"start":{"line":43,"column":10},"end":{"line":43,"column":59}},"21":{"start":{"line":44,"column":10},"end":{"line":48,"column":11}},"22":{"start":{"line":45,"column":14},"end":{"line":45,"column":36}},"23":{"start":{"line":46,"column":17},"end":{"line":48,"column":11}},"24":{"start":{"line":47,"column":14},"end":{"line":47,"column":28}},"25":{"start":{"line":51,"column":6},"end":{"line":51,"column":51}},"26":{"start":{"line":51,"column":19},"end":{"line":51,"column":50}},"27":{"start":{"line":54,"column":2},"end":{"line":54,"column":82}}},"fnMap":{"0":{"name":"useAuth","decl":{"start":{"line":9,"column":16},"end":{"line":9,"column":23}},"loc":{"start":{"line":9,"column":26},"end":{"line":11,"column":1}},"line":9},"1":{"name":"useProtectedRoute","decl":{"start":{"line":14,"column":16},"end":{"line":14,"column":33}},"loc":{"start":{"line":14,"column":40},"end":{"line":34,"column":1}},"line":14},"2":{"name":"(anonymous_2)","decl":{"start":{"line":18,"column":14},"end":{"line":18,"column":15}},"loc":{"start":{"line":18,"column":20},"end":{"line":33,"column":5}},"line":18},"3":{"name":"AuthProvider","decl":{"start":{"line":36,"column":16},"end":{"line":36,"column":28}},"loc":{"start":{"line":36,"column":43},"end":{"line":55,"column":1}},"line":36},"4":{"name":"(anonymous_4)","decl":{"start":{"line":40,"column":12},"end":{"line":40,"column":13}},"loc":{"start":{"line":40,"column":18},"end":{"line":52,"column":3}},"line":40},"5":{"name":"(anonymous_5)","decl":{"start":{"line":42,"column":55},"end":{"line":42,"column":56}},"loc":{"start":{"line":42,"column":75},"end":{"line":49,"column":7}},"line":42},"6":{"name":"(anonymous_6)","decl":{"start":{"line":51,"column":13},"end":{"line":51,"column":14}},"loc":{"start":{"line":51,"column":19},"end":{"line":51,"column":50}},"line":51}},"branchMap":{"0":{"loc":{"start":{"line":22,"column":8},"end":{"line":32,"column":9}},"type":"if","locations":[{"start":{"line":22,"column":8},"end":{"line":32,"column":9}},{"start":{"line":26,"column":15},"end":{"line":32,"column":9}}],"line":22},"1":{"loc":{"start":{"line":22,"column":12},"end":{"line":22,"column":33}},"type":"binary-expr","locations":[{"start":{"line":22,"column":12},"end":{"line":22,"column":17}},{"start":{"line":22,"column":21},"end":{"line":22,"column":33}}],"line":22},"2":{"loc":{"start":{"line":26,"column":15},"end":{"line":32,"column":9}},"type":"if","locations":[{"start":{"line":26,"column":15},"end":{"line":32,"column":9}},{"start":{},"end":{}}],"line":26},"3":{"loc":{"start":{"line":26,"column":19},"end":{"line":26,"column":38}},"type":"binary-expr","locations":[{"start":{"line":26,"column":19},"end":{"line":26,"column":23}},{"start":{"line":26,"column":27},"end":{"line":26,"column":38}}],"line":26},"4":{"loc":{"start":{"line":27,"column":12},"end":{"line":31,"column":13}},"type":"if","locations":[{"start":{"line":27,"column":12},"end":{"line":31,"column":13}},{"start":{"line":29,"column":19},"end":{"line":31,"column":13}}],"line":27},"5":{"loc":{"start":{"line":29,"column":19},"end":{"line":31,"column":13}},"type":"if","locations":[{"start":{"line":29,"column":19},"end":{"line":31,"column":13}},{"start":{},"end":{}}],"line":29},"6":{"loc":{"start":{"line":44,"column":10},"end":{"line":48,"column":11}},"type":"if","locations":[{"start":{"line":44,"column":10},"end":{"line":48,"column":11}},{"start":{"line":46,"column":17},"end":{"line":48,"column":11}}],"line":44},"7":{"loc":{"start":{"line":46,"column":17},"end":{"line":48,"column":11}},"type":"if","locations":[{"start":{"line":46,"column":17},"end":{"line":48,"column":11}},{"start":{},"end":{}}],"line":46}},"s":{"0":0,"1":0,"2":0,"3":0,"4":0,"5":0,"6":0,"7":0,"8":0,"9":0,"10":0,"11":0,"12":0,"13":0,"14":0,"15":0,"16":0,"17":0,"18":0,"19":0,"20":0,"21":0,"22":0,"23":0,"24":0,"25":0,"26":0,"27":0},"f":{"0":0,"1":0,"2":0,"3":0,"4":0,"5":0,"6":0},"b":{"0":[0,0],"1":[0,0],"2":[0,0],"3":[0,0],"4":[0,0],"5":[0,0],"6":[0,0],"7":[0,0]}}
,"/Users/ruxintay/Desktop/BuddyJet-Orbital2023/lib/supabase.js": {"path":"/Users/ruxintay/Desktop/BuddyJet-Orbital2023/lib/supabase.js","statementMap":{"0":{"start":{"line":7,"column":31},"end":{"line":17,"column":5}},"1":{"start":{"line":9,"column":8},"end":{"line":9,"column":44}},"2":{"start":{"line":12,"column":8},"end":{"line":12,"column":44}},"3":{"start":{"line":15,"column":8},"end":{"line":15,"column":40}},"4":{"start":{"line":20,"column":19},"end":{"line":20,"column":51}},"5":{"start":{"line":21,"column":19},"end":{"line":21,"column":51}},"6":{"start":{"line":23,"column":24},"end":{"line":31,"column":2}}},"fnMap":{"0":{"name":"(anonymous_0)","decl":{"start":{"line":8,"column":15},"end":{"line":8,"column":16}},"loc":{"start":{"line":8,"column":24},"end":{"line":10,"column":7}},"line":8},"1":{"name":"(anonymous_1)","decl":{"start":{"line":11,"column":15},"end":{"line":11,"column":16}},"loc":{"start":{"line":11,"column":31},"end":{"line":13,"column":7}},"line":11},"2":{"name":"(anonymous_2)","decl":{"start":{"line":14,"column":18},"end":{"line":14,"column":19}},"loc":{"start":{"line":14,"column":27},"end":{"line":16,"column":7}},"line":14}},"branchMap":{},"s":{"0":0,"1":0,"2":0,"3":0,"4":0,"5":0,"6":0},"f":{"0":0,"1":0,"2":0},"b":{}}
}
