TN:
SF:.eslintrc.js
FNF:0
FNH:0
DA:1,0
LF:1
LH:0
BRF:0
BRH:0
end_of_record
TN:
SF:index.js
FN:9,App
FNF:1
FNH:0
FNDA:0,App
DA:10,0
DA:12,0
LF:2
LH:0
BRF:0
BRH:0
end_of_record
TN:
SF:metro.config.js
FNF:0
FNH:0
DA:2,0
DA:4,0
LF:2
LH:0
BRF:0
BRH:0
end_of_record
TN:
SF:react-native.config.js
FNF:0
FNH:0
DA:1,0
LF:1
LH:0
BRF:0
BRH:0
end_of_record
TN:
SF:sum.jsx
FN:6,sum
FNF:1
FNH:1
FNDA:1,sum
DA:7,1
DA:9,1
LF:2
LH:2
BRF:0
BRH:0
end_of_record
TN:
SF:app/_layout.jsx
FN:5,Root
FNF:1
FNH:0
FNDA:0,Root
DA:7,0
DA:13,0
DA:14,0
DA:17,0
LF:4
LH:0
BRDA:13,0,0,0
BRDA:13,0,1,0
BRF:2
BRH:0
end_of_record
TN:
SF:app/(authentication)/AccountCreated.jsx
FN:8,AccountCreated
FN:18,(anonymous_1)
FNF:2
FNH:0
FNDA:0,AccountCreated
FNDA:0,(anonymous_1)
DA:9,0
DA:10,0
DA:18,0
DA:26,0
LF:4
LH:0
BRF:0
BRH:0
end_of_record
TN:
SF:app/(authentication)/CreateAccount.jsx
FN:12,CreateAccount
FN:25,(anonymous_1)
FN:77,(anonymous_2)
FN:89,(anonymous_3)
FNF:4
FNH:0
FNDA:0,CreateAccount
FNDA:0,(anonymous_1)
FNDA:0,(anonymous_2)
FNDA:0,(anonymous_3)
DA:13,0
DA:14,0
DA:15,0
DA:16,0
DA:17,0
DA:18,0
DA:19,0
DA:20,0
DA:21,0
DA:23,0
DA:25,0
DA:26,0
DA:27,0
DA:28,0
DA:31,0
DA:32,0
DA:33,0
DA:34,0
DA:35,0
DA:36,0
DA:39,0
DA:40,0
DA:41,0
DA:42,0
DA:43,0
DA:44,0
DA:47,0
DA:48,0
DA:49,0
DA:51,0
DA:52,0
DA:53,0
DA:55,0
DA:56,0
DA:59,0
DA:61,0
DA:67,0
DA:77,0
DA:90,0
DA:102,0
LF:40
LH:0
BRDA:26,0,0,0
BRDA:26,0,1,0
BRDA:31,1,0,0
BRDA:31,1,1,0
BRDA:34,2,0,0
BRDA:34,2,1,0
BRDA:39,3,0,0
BRDA:39,3,1,0
BRDA:42,4,0,0
BRDA:42,4,1,0
BRDA:47,5,0,0
BRDA:47,5,1,0
BRDA:51,6,0,0
BRDA:51,6,1,0
BRDA:51,7,0,0
BRDA:51,7,1,0
BRDA:55,8,0,0
BRDA:55,8,1,0
BRDA:95,9,0,0
BRDA:95,9,1,0
BRDA:96,10,0,0
BRDA:96,10,1,0
BRF:22
BRH:0
end_of_record
TN:
SF:app/(authentication)/ForgotPassword.jsx
FN:15,ForgotPassword
FN:24,(anonymous_1)
FN:56,(anonymous_2)
FN:57,(anonymous_3)
FN:72,(anonymous_4)
FNF:5
FNH:0
FNDA:0,ForgotPassword
FNDA:0,(anonymous_1)
FNDA:0,(anonymous_2)
FNDA:0,(anonymous_3)
FNDA:0,(anonymous_4)
DA:16,0
DA:17,0
DA:18,0
DA:19,0
DA:21,0
DA:22,0
DA:24,0
DA:25,0
DA:27,0
DA:28,0
DA:29,0
DA:30,0
DA:32,0
DA:39,0
DA:43,0
DA:45,0
DA:46,0
DA:47,0
DA:56,0
DA:57,0
DA:58,0
DA:59,0
DA:60,0
DA:63,0
DA:64,0
DA:69,0
DA:72,0
DA:98,0
LF:28
LH:0
BRDA:28,0,0,0
BRDA:28,0,1,0
BRDA:45,1,0,0
BRDA:45,1,1,0
BRDA:58,2,0,0
BRDA:58,2,1,0
BRDA:63,3,0,0
BRDA:63,3,1,0
BRDA:64,4,0,0
BRDA:64,4,1,0
BRDA:90,5,0,0
BRDA:90,5,1,0
BRDA:91,6,0,0
BRDA:91,6,1,0
BRF:14
BRH:0
end_of_record
TN:
SF:app/(authentication)/Login.jsx
FN:12,Login
FN:19,(anonymous_1)
FN:45,(anonymous_2)
FNF:3
FNH:2
FNDA:8,Login
FNDA:2,(anonymous_1)
FNDA:0,(anonymous_2)
DA:13,8
DA:14,8
DA:15,8
DA:16,8
DA:17,8
DA:19,8
DA:20,2
DA:21,2
DA:22,1
DA:23,1
DA:25,1
DA:26,0
DA:27,0
DA:29,1
DA:30,1
DA:31,1
DA:32,1
DA:33,0
DA:34,0
DA:37,8
DA:45,0
DA:61,1
LF:22
LH:17
BRDA:21,0,0,1
BRDA:21,0,1,1
BRDA:25,1,0,0
BRDA:25,1,1,1
BRDA:32,2,0,0
BRDA:32,2,1,1
BRDA:54,3,0,8
BRDA:54,3,1,1
BRDA:55,4,0,8
BRDA:55,4,1,1
BRF:10
BRH:8
end_of_record
TN:
SF:app/(authentication)/ResetPassword.jsx
FN:15,ResetPassword
FN:27,(anonymous_1)
FNF:2
FNH:0
FNDA:0,ResetPassword
FNDA:0,(anonymous_1)
DA:16,0
DA:17,0
DA:18,0
DA:19,0
DA:20,0
DA:21,0
DA:22,0
DA:23,0
DA:27,0
DA:30,0
DA:31,0
DA:32,0
DA:33,0
DA:36,0
DA:37,0
DA:38,0
DA:40,0
DA:41,0
DA:42,0
DA:44,0
DA:45,0
DA:47,0
DA:48,0
DA:49,0
DA:50,0
DA:53,0
DA:54,0
DA:55,0
DA:56,0
DA:57,0
DA:59,0
DA:62,0
DA:90,0
LF:33
LH:0
BRDA:31,0,0,0
BRDA:31,0,1,0
BRDA:36,1,0,0
BRDA:36,1,1,0
BRDA:40,2,0,0
BRDA:40,2,1,0
BRDA:47,3,0,0
BRDA:47,3,1,0
BRDA:55,4,0,0
BRDA:55,4,1,0
BRDA:82,5,0,0
BRDA:82,5,1,0
BRDA:83,6,0,0
BRDA:83,6,1,0
BRF:14
BRH:0
end_of_record
TN:
SF:app/(authentication)/TextFieldInput.jsx
FN:5,TextFieldInput
FNF:1
FNH:1
FNDA:16,TextFieldInput
DA:6,16
DA:21,1
LF:2
LH:2
BRDA:12,0,0,16
BRDA:12,0,1,8
BRF:2
BRH:2
end_of_record
TN:
SF:app/(authentication)/_layout.jsx
FN:10,AuthLayout
FNF:1
FNH:0
FNDA:0,AuthLayout
DA:5,0
DA:11,0
LF:2
LH:0
BRF:0
BRH:0
end_of_record
TN:
SF:app/(authentication)/index.js
FN:5,OnboardingScreen
FN:8,(anonymous_1)
FN:14,(anonymous_2)
FN:21,(anonymous_3)
FN:27,(anonymous_4)
FN:34,(anonymous_5)
FNF:6
FNH:5
FNDA:1,OnboardingScreen
FNDA:1,(anonymous_1)
FNDA:0,(anonymous_2)
FNDA:1,(anonymous_3)
FNDA:1,(anonymous_4)
FNDA:1,(anonymous_5)
DA:6,1
DA:8,1
DA:9,1
DA:14,0
DA:21,1
DA:22,1
DA:27,1
DA:34,1
DA:35,1
DA:44,1
DA:53,1
LF:11
LH:10
BRF:0
BRH:0
end_of_record
TN:
SF:app/(home)/Dashboard.jsx
FN:9,Dashboard
FN:16,(anonymous_1)
FN:23,(anonymous_2)
FN:36,(anonymous_3)
FN:40,(anonymous_4)
FN:48,(anonymous_5)
FN:56,(anonymous_6)
FN:73,(anonymous_7)
FN:81,(anonymous_8)
FN:91,(anonymous_9)
FN:97,(anonymous_10)
FN:103,(anonymous_11)
FN:108,(anonymous_12)
FN:117,(anonymous_13)
FN:120,(anonymous_14)
FN:121,(anonymous_15)
FN:143,(anonymous_16)
FN:157,(anonymous_17)
FN:166,(anonymous_18)
FNF:19
FNH:0
FNDA:0,Dashboard
FNDA:0,(anonymous_1)
FNDA:0,(anonymous_2)
FNDA:0,(anonymous_3)
FNDA:0,(anonymous_4)
FNDA:0,(anonymous_5)
FNDA:0,(anonymous_6)
FNDA:0,(anonymous_7)
FNDA:0,(anonymous_8)
FNDA:0,(anonymous_9)
FNDA:0,(anonymous_10)
FNDA:0,(anonymous_11)
FNDA:0,(anonymous_12)
FNDA:0,(anonymous_13)
FNDA:0,(anonymous_14)
FNDA:0,(anonymous_15)
FNDA:0,(anonymous_16)
FNDA:0,(anonymous_17)
FNDA:0,(anonymous_18)
DA:10,0
DA:11,0
DA:12,0
DA:13,0
DA:14,0
DA:16,0
DA:17,0
DA:18,0
DA:19,0
DA:20,0
DA:23,0
DA:24,0
DA:25,0
DA:29,0
DA:30,0
DA:32,0
DA:36,0
DA:37,0
DA:40,0
DA:41,0
DA:42,0
DA:46,0
DA:48,0
DA:49,0
DA:50,0
DA:52,0
DA:56,0
DA:57,0
DA:58,0
DA:63,0
DA:64,0
DA:67,0
DA:73,0
DA:74,0
DA:75,0
DA:79,0
DA:81,0
DA:82,0
DA:83,0
DA:84,0
DA:85,0
DA:87,0
DA:91,0
DA:92,0
DA:93,0
DA:97,0
DA:98,0
DA:103,0
DA:104,0
DA:105,0
DA:108,0
DA:117,0
DA:119,0
DA:120,0
DA:121,0
DA:122,0
DA:123,0
DA:125,0
DA:129,0
DA:143,0
DA:157,0
DA:158,0
DA:159,0
DA:161,0
DA:166,0
DA:174,0
DA:201,0
DA:215,0
LF:68
LH:0
BRDA:122,0,0,0
BRDA:122,0,1,0
BRDA:143,1,0,0
BRDA:166,2,0,0
BRF:4
BRH:0
end_of_record
TN:
SF:app/(home)/_layout.jsx
FN:10,HomeLayout
FN:16,(anonymous_1)
FN:28,(anonymous_2)
FN:40,(anonymous_3)
FN:52,(anonymous_4)
FNF:5
FNH:0
FNDA:0,HomeLayout
FNDA:0,(anonymous_1)
FNDA:0,(anonymous_2)
FNDA:0,(anonymous_3)
FNDA:0,(anonymous_4)
DA:6,0
DA:12,0
DA:17,0
DA:29,0
DA:41,0
DA:53,0
LF:6
LH:0
BRF:0
BRH:0
end_of_record
TN:
SF:app/(home)/Budget/CreateBudget.jsx
FN:16,CreateBudget
FN:23,(anonymous_1)
FN:75,(anonymous_2)
FN:93,(anonymous_3)
FN:105,(anonymous_4)
FN:118,(anonymous_5)
FN:158,(anonymous_6)
FNF:7
FNH:0
FNDA:0,CreateBudget
FNDA:0,(anonymous_1)
FNDA:0,(anonymous_2)
FNDA:0,(anonymous_3)
FNDA:0,(anonymous_4)
FNDA:0,(anonymous_5)
FNDA:0,(anonymous_6)
DA:17,0
DA:18,0
DA:19,0
DA:20,0
DA:23,0
DA:26,0
DA:30,0
DA:32,0
DA:33,0
DA:34,0
DA:37,0
DA:39,0
DA:45,0
DA:48,0
DA:53,0
DA:54,0
DA:58,0
DA:66,0
DA:67,0
DA:70,0
DA:75,0
DA:76,0
DA:94,0
DA:105,0
DA:106,0
DA:118,0
DA:158,0
DA:160,0
DA:172,0
DA:190,0
LF:30
LH:0
BRDA:32,0,0,0
BRDA:32,0,1,0
BRDA:66,1,0,0
BRDA:66,1,1,0
BRF:4
BRH:0
end_of_record
TN:
SF:app/(home)/Budget/EditBudget.jsx
FN:8,EditBudget
FN:17,(anonymous_1)
FN:30,(anonymous_2)
FN:45,(anonymous_3)
FN:61,(anonymous_4)
FN:70,(anonymous_5)
FN:76,(anonymous_6)
FN:80,(anonymous_7)
FN:95,(anonymous_8)
FN:96,(anonymous_9)
FN:99,(anonymous_10)
FN:137,(anonymous_11)
FN:140,(anonymous_12)
FN:157,(anonymous_13)
FN:161,(anonymous_14)
FN:163,(anonymous_15)
FN:170,(anonymous_16)
FN:172,(anonymous_17)
FN:178,(anonymous_18)
FN:180,(anonymous_19)
FN:188,(anonymous_20)
FN:214,(anonymous_21)
FN:223,(anonymous_22)
FN:224,(anonymous_23)
FN:243,(anonymous_24)
FN:248,(anonymous_25)
FN:253,(anonymous_26)
FN:265,(anonymous_27)
FN:283,(anonymous_28)
FNF:29
FNH:0
FNDA:0,EditBudget
FNDA:0,(anonymous_1)
FNDA:0,(anonymous_2)
FNDA:0,(anonymous_3)
FNDA:0,(anonymous_4)
FNDA:0,(anonymous_5)
FNDA:0,(anonymous_6)
FNDA:0,(anonymous_7)
FNDA:0,(anonymous_8)
FNDA:0,(anonymous_9)
FNDA:0,(anonymous_10)
FNDA:0,(anonymous_11)
FNDA:0,(anonymous_12)
FNDA:0,(anonymous_13)
FNDA:0,(anonymous_14)
FNDA:0,(anonymous_15)
FNDA:0,(anonymous_16)
FNDA:0,(anonymous_17)
FNDA:0,(anonymous_18)
FNDA:0,(anonymous_19)
FNDA:0,(anonymous_20)
FNDA:0,(anonymous_21)
FNDA:0,(anonymous_22)
FNDA:0,(anonymous_23)
FNDA:0,(anonymous_24)
FNDA:0,(anonymous_25)
FNDA:0,(anonymous_26)
FNDA:0,(anonymous_27)
FNDA:0,(anonymous_28)
DA:10,0
DA:11,0
DA:12,0
DA:13,0
DA:14,0
DA:15,0
DA:17,0
DA:18,0
DA:19,0
DA:23,0
DA:24,0
DA:26,0
DA:30,0
DA:31,0
DA:32,0
DA:37,0
DA:38,0
DA:39,0
DA:41,0
DA:45,0
DA:46,0
DA:51,0
DA:52,0
DA:53,0
DA:56,0
DA:57,0
DA:58,0
DA:61,0
DA:62,0
DA:67,0
DA:70,0
DA:71,0
DA:72,0
DA:73,0
DA:76,0
DA:77,0
DA:80,0
DA:81,0
DA:82,0
DA:83,0
DA:88,0
DA:89,0
DA:91,0
DA:95,0
DA:96,0
DA:97,0
DA:99,0
DA:102,0
DA:103,0
DA:104,0
DA:107,0
DA:108,0
DA:125,0
DA:137,0
DA:138,0
DA:139,0
DA:141,0
DA:150,0
DA:151,0
DA:153,0
DA:157,0
DA:158,0
DA:159,0
DA:161,0
DA:163,0
DA:167,0
DA:170,0
DA:172,0
DA:173,0
DA:175,0
DA:178,0
DA:180,0
DA:183,0
DA:184,0
DA:185,0
DA:188,0
DA:195,0
DA:196,0
DA:197,0
DA:198,0
DA:201,0
DA:215,0
DA:223,0
DA:224,0
DA:243,0
DA:244,0
DA:245,0
DA:246,0
DA:248,0
DA:250,0
DA:253,0
DA:254,0
DA:255,0
DA:256,0
DA:257,0
DA:259,0
DA:261,0
DA:265,0
DA:266,0
DA:267,0
DA:268,0
DA:269,0
DA:271,0
DA:272,0
DA:273,0
DA:275,0
DA:279,0
DA:284,0
DA:312,0
DA:325,0
LF:110
LH:0
BRDA:51,0,0,0
BRDA:51,0,1,0
BRDA:107,1,0,0
BRDA:107,1,1,0
BRDA:173,2,0,0
BRDA:173,2,1,0
BRDA:180,3,0,0
BRDA:180,3,1,0
BRDA:183,4,0,0
BRDA:183,4,1,0
BRDA:190,5,0,0
BRDA:190,5,1,0
BRDA:191,6,0,0
BRDA:191,6,1,0
BRDA:238,7,0,0
BRDA:238,7,1,0
BRDA:256,8,0,0
BRDA:256,8,1,0
BRDA:268,9,0,0
BRDA:268,9,1,0
BRF:20
BRH:0
end_of_record
TN:
SF:app/(home)/Budget/MakeBudget.jsx
FN:16,MakeBudget
FN:57,(anonymous_1)
FN:62,(anonymous_2)
FNF:3
FNH:0
FNDA:0,MakeBudget
FNDA:0,(anonymous_1)
FNDA:0,(anonymous_2)
DA:17,0
DA:18,0
DA:19,0
DA:20,0
DA:21,0
DA:57,0
DA:59,0
DA:62,0
DA:63,0
DA:77,0
DA:91,0
LF:11
LH:0
BRF:0
BRH:0
end_of_record
TN:
SF:app/(home)/Budget/TextFieldInput.jsx
FN:5,TextFieldInput
FNF:1
FNH:0
FNDA:0,TextFieldInput
DA:6,0
DA:21,0
LF:2
LH:0
BRDA:13,0,0,0
BRDA:13,0,1,0
BRF:2
BRH:0
end_of_record
TN:
SF:app/(home)/Budget/_layout.jsx
FN:5,BudgetLayout
FNF:1
FNH:0
FNDA:0,BudgetLayout
DA:6,0
LF:1
LH:0
BRF:0
BRH:0
end_of_record
TN:
SF:app/(home)/Budget/index.js
FN:13,Budget
FN:18,(anonymous_1)
FN:26,(anonymous_2)
FN:33,(anonymous_3)
FN:44,(anonymous_4)
FN:60,(anonymous_5)
FN:88,(anonymous_6)
FN:92,(anonymous_7)
FN:102,(anonymous_8)
FN:112,(anonymous_9)
FN:120,(anonymous_10)
FN:128,(anonymous_11)
FN:138,(anonymous_12)
FN:141,(anonymous_13)
FN:143,(anonymous_14)
FN:157,(anonymous_15)
FNF:16
FNH:0
FNDA:0,Budget
FNDA:0,(anonymous_1)
FNDA:0,(anonymous_2)
FNDA:0,(anonymous_3)
FNDA:0,(anonymous_4)
FNDA:0,(anonymous_5)
FNDA:0,(anonymous_6)
FNDA:0,(anonymous_7)
FNDA:0,(anonymous_8)
FNDA:0,(anonymous_9)
FNDA:0,(anonymous_10)
FNDA:0,(anonymous_11)
FNDA:0,(anonymous_12)
FNDA:0,(anonymous_13)
FNDA:0,(anonymous_14)
FNDA:0,(anonymous_15)
DA:14,0
DA:15,0
DA:16,0
DA:18,0
DA:19,0
DA:20,0
DA:21,0
DA:26,0
DA:27,0
DA:34,0
DA:44,0
DA:45,0
DA:55,0
DA:56,0
DA:57,0
DA:60,0
DA:61,0
DA:62,0
DA:67,0
DA:69,0
DA:70,0
DA:71,0
DA:73,0
DA:74,0
DA:77,0
DA:78,0
DA:81,0
DA:82,0
DA:85,0
DA:88,0
DA:89,0
DA:92,0
DA:93,0
DA:94,0
DA:95,0
DA:102,0
DA:103,0
DA:104,0
DA:106,0
DA:107,0
DA:108,0
DA:112,0
DA:113,0
DA:114,0
DA:115,0
DA:116,0
DA:117,0
DA:120,0
DA:121,0
DA:122,0
DA:123,0
DA:128,0
DA:129,0
DA:130,0
DA:131,0
DA:132,0
DA:138,0
DA:139,0
DA:141,0
DA:144,0
DA:157,0
DA:158,0
DA:180,0
DA:182,0
DA:201,0
DA:217,0
LF:66
LH:0
BRDA:73,0,0,0
BRDA:73,0,1,0
BRDA:77,1,0,0
BRDA:77,1,1,0
BRDA:81,2,0,0
BRDA:81,2,1,0
BRDA:93,3,0,0
BRDA:93,3,1,0
BRDA:121,4,0,0
BRDA:121,4,1,0
BRDA:129,5,0,0
BRDA:129,5,1,0
BRDA:180,6,0,0
BRDA:180,6,1,0
BRF:14
BRH:0
end_of_record
TN:
SF:app/(home)/Expenses/AddExpenses.jsx
FN:13,AddExpenses
FN:26,(anonymous_1)
FN:50,(anonymous_2)
FN:51,(anonymous_3)
FN:52,(anonymous_4)
FN:62,(anonymous_5)
FN:84,(anonymous_6)
FN:85,(anonymous_7)
FN:86,(anonymous_8)
FN:96,(anonymous_9)
FN:163,(anonymous_10)
FNF:11
FNH:0
FNDA:0,AddExpenses
FNDA:0,(anonymous_1)
FNDA:0,(anonymous_2)
FNDA:0,(anonymous_3)
FNDA:0,(anonymous_4)
FNDA:0,(anonymous_5)
FNDA:0,(anonymous_6)
FNDA:0,(anonymous_7)
FNDA:0,(anonymous_8)
FNDA:0,(anonymous_9)
FNDA:0,(anonymous_10)
DA:15,0
DA:16,0
DA:17,0
DA:18,0
DA:19,0
DA:20,0
DA:21,0
DA:22,0
DA:23,0
DA:26,0
DA:27,0
DA:35,0
DA:37,0
DA:50,0
DA:51,0
DA:53,0
DA:54,0
DA:62,0
DA:63,0
DA:70,0
DA:72,0
DA:84,0
DA:85,0
DA:87,0
DA:88,0
DA:96,0
DA:97,0
DA:98,0
DA:99,0
DA:100,0
DA:102,0
DA:103,0
DA:104,0
DA:106,0
DA:107,0
DA:108,0
DA:110,0
DA:111,0
DA:112,0
DA:114,0
DA:115,0
DA:116,0
DA:119,0
DA:122,0
DA:123,0
DA:125,0
DA:136,0
DA:137,0
DA:138,0
DA:139,0
DA:140,0
DA:142,0
DA:143,0
DA:146,0
DA:164,0
DA:177,0
LF:56
LH:0
BRDA:40,0,0,0
BRDA:40,0,1,0
BRDA:48,1,0,0
BRDA:48,1,1,0
BRDA:75,2,0,0
BRDA:75,2,1,0
BRDA:98,3,0,0
BRDA:98,3,1,0
BRDA:102,4,0,0
BRDA:102,4,1,0
BRDA:106,5,0,0
BRDA:106,5,1,0
BRDA:110,6,0,0
BRDA:110,6,1,0
BRDA:114,7,0,0
BRDA:114,7,1,0
BRDA:136,8,0,0
BRDA:136,8,1,0
BRDA:170,9,0,0
BRDA:170,9,1,0
BRDA:171,10,0,0
BRDA:171,10,1,0
BRF:22
BRH:0
end_of_record
TN:
SF:app/(home)/Expenses/SortExpensesByCategories.jsx
FN:7,SortExpensesByCategories
FN:18,(anonymous_1)
FN:32,(anonymous_2)
FN:37,(anonymous_3)
FN:56,(anonymous_4)
FN:64,(anonymous_5)
FN:72,(anonymous_6)
FN:77,(anonymous_7)
FN:87,(anonymous_8)
FNF:9
FNH:0
FNDA:0,SortExpensesByCategories
FNDA:0,(anonymous_1)
FNDA:0,(anonymous_2)
FNDA:0,(anonymous_3)
FNDA:0,(anonymous_4)
FNDA:0,(anonymous_5)
FNDA:0,(anonymous_6)
FNDA:0,(anonymous_7)
FNDA:0,(anonymous_8)
DA:8,0
DA:9,0
DA:11,0
DA:15,0
DA:18,0
DA:19,0
DA:20,0
DA:28,0
DA:29,0
DA:32,0
DA:33,0
DA:37,0
DA:38,0
DA:40,0
DA:41,0
DA:44,0
DA:45,0
DA:46,0
DA:47,0
DA:49,0
DA:52,0
DA:56,0
DA:57,0
DA:59,0
DA:65,0
DA:71,0
DA:72,0
DA:77,0
DA:78,0
DA:79,0
DA:80,0
DA:83,0
DA:87,0
DA:95,0
LF:34
LH:0
BRDA:40,0,0,0
BRDA:40,0,1,0
BRDA:46,1,0,0
BRDA:46,1,1,0
BRF:4
BRH:0
end_of_record
TN:
SF:app/(home)/Expenses/SortExpensesByDate.jsx
FN:7,SortExpensesByDate
FN:18,(anonymous_1)
FN:31,(anonymous_2)
FN:35,(anonymous_3)
FN:55,(anonymous_4)
FN:68,(anonymous_5)
FN:76,(anonymous_6)
FN:81,(anonymous_7)
FN:91,(anonymous_8)
FNF:9
FNH:0
FNDA:0,SortExpensesByDate
FNDA:0,(anonymous_1)
FNDA:0,(anonymous_2)
FNDA:0,(anonymous_3)
FNDA:0,(anonymous_4)
FNDA:0,(anonymous_5)
FNDA:0,(anonymous_6)
FNDA:0,(anonymous_7)
FNDA:0,(anonymous_8)
DA:8,0
DA:9,0
DA:11,0
DA:15,0
DA:18,0
DA:19,0
DA:20,0
DA:27,0
DA:28,0
DA:31,0
DA:32,0
DA:35,0
DA:36,0
DA:38,0
DA:39,0
DA:42,0
DA:43,0
DA:44,0
DA:45,0
DA:47,0
DA:49,0
DA:52,0
DA:55,0
DA:56,0
DA:57,0
DA:59,0
DA:69,0
DA:75,0
DA:76,0
DA:81,0
DA:82,0
DA:83,0
DA:84,0
DA:87,0
DA:91,0
DA:99,0
LF:36
LH:0
BRDA:38,0,0,0
BRDA:38,0,1,0
BRDA:45,1,0,0
BRDA:45,1,1,0
BRDA:62,2,0,0
BRDA:62,2,1,0
BRDA:64,3,0,0
BRDA:64,3,1,0
BRF:8
BRH:0
end_of_record
TN:
SF:app/(home)/Expenses/_layout.jsx
FN:4,ExpensesLayout
FNF:1
FNH:0
FNDA:0,ExpensesLayout
DA:5,0
LF:1
LH:0
BRF:0
BRH:0
end_of_record
TN:
SF:app/(home)/Expenses/index.js
FN:11,(anonymous_0)
FN:17,(anonymous_1)
FN:23,(anonymous_2)
FN:26,(anonymous_3)
FN:44,Expenses
FN:56,(anonymous_5)
FN:60,(anonymous_6)
FNF:7
FNH:0
FNDA:0,(anonymous_0)
FNDA:0,(anonymous_1)
FNDA:0,(anonymous_2)
FNDA:0,(anonymous_3)
FNDA:0,Expenses
FNDA:0,(anonymous_5)
FNDA:0,(anonymous_6)
DA:11,0
DA:12,0
DA:13,0
DA:17,0
DA:23,0
DA:24,0
DA:26,0
DA:27,0
DA:28,0
DA:31,0
DA:45,0
DA:47,0
DA:48,0
DA:49,0
DA:51,0
DA:52,0
DA:54,0
DA:56,0
DA:57,0
DA:60,0
DA:61,0
DA:62,0
DA:65,0
DA:94,0
LF:24
LH:0
BRDA:77,0,0,0
BRDA:77,0,1,0
BRF:2
BRH:0
end_of_record
TN:
SF:app/(home)/Profile/ChangePassword.jsx
FN:12,ChangePassword
FN:21,(anonymous_1)
FNF:2
FNH:0
FNDA:0,ChangePassword
FNDA:0,(anonymous_1)
DA:13,0
DA:14,0
DA:15,0
DA:16,0
DA:17,0
DA:18,0
DA:19,0
DA:21,0
DA:22,0
DA:23,0
DA:24,0
DA:25,0
DA:27,0
DA:28,0
DA:29,0
DA:31,0
DA:32,0
DA:33,0
DA:35,0
DA:36,0
DA:37,0
DA:39,0
DA:40,0
DA:42,0
DA:43,0
DA:44,0
DA:45,0
DA:48,0
DA:49,0
DA:50,0
DA:51,0
DA:52,0
DA:54,0
DA:57,0
DA:82,0
LF:35
LH:0
BRDA:23,0,0,0
BRDA:23,0,1,0
BRDA:27,1,0,0
BRDA:27,1,1,0
BRDA:31,2,0,0
BRDA:31,2,1,0
BRDA:35,3,0,0
BRDA:35,3,1,0
BRDA:42,4,0,0
BRDA:42,4,1,0
BRDA:50,5,0,0
BRDA:50,5,1,0
BRDA:74,6,0,0
BRDA:74,6,1,0
BRDA:75,7,0,0
BRDA:75,7,1,0
BRF:16
BRH:0
end_of_record
TN:
SF:app/(home)/Profile/_layout.jsx
FN:4,ProfileLayout
FNF:1
FNH:0
FNDA:0,ProfileLayout
DA:5,0
LF:1
LH:0
BRF:0
BRH:0
end_of_record
TN:
SF:app/(home)/Profile/index.js
FN:24,Profile
FN:29,(anonymous_1)
FN:33,(anonymous_2)
FN:44,(anonymous_3)
FN:48,(anonymous_4)
FN:60,(anonymous_5)
FN:64,(anonymous_6)
FN:69,(anonymous_7)
FN:70,(anonymous_8)
FN:81,(anonymous_9)
FN:102,(anonymous_10)
FN:113,(anonymous_11)
FN:123,(anonymous_12)
FN:191,(anonymous_13)
FN:215,(anonymous_14)
FN:237,(anonymous_15)
FN:261,(anonymous_16)
FN:271,(anonymous_17)
FN:281,(anonymous_18)
FNF:19
FNH:0
FNDA:0,Profile
FNDA:0,(anonymous_1)
FNDA:0,(anonymous_2)
FNDA:0,(anonymous_3)
FNDA:0,(anonymous_4)
FNDA:0,(anonymous_5)
FNDA:0,(anonymous_6)
FNDA:0,(anonymous_7)
FNDA:0,(anonymous_8)
FNDA:0,(anonymous_9)
FNDA:0,(anonymous_10)
FNDA:0,(anonymous_11)
FNDA:0,(anonymous_12)
FNDA:0,(anonymous_13)
FNDA:0,(anonymous_14)
FNDA:0,(anonymous_15)
FNDA:0,(anonymous_16)
FNDA:0,(anonymous_17)
FNDA:0,(anonymous_18)
DA:25,0
DA:26,0
DA:27,0
DA:28,0
DA:29,0
DA:30,0
DA:33,0
DA:34,0
DA:35,0
DA:37,0
DA:38,0
DA:40,0
DA:44,0
DA:45,0
DA:48,0
DA:49,0
DA:52,0
DA:53,0
DA:54,0
DA:56,0
DA:57,0
DA:60,0
DA:61,0
DA:64,0
DA:65,0
DA:70,0
DA:81,0
DA:82,0
DA:83,0
DA:93,0
DA:94,0
DA:95,0
DA:98,0
DA:99,0
DA:102,0
DA:103,0
DA:114,0
DA:123,0
DA:126,0
DA:127,0
DA:128,0
DA:133,0
DA:134,0
DA:138,0
DA:139,0
DA:140,0
DA:144,0
DA:145,0
DA:148,0
DA:152,0
DA:153,0
DA:157,0
DA:158,0
DA:159,0
DA:164,0
DA:165,0
DA:167,0
DA:171,0
DA:172,0
DA:175,0
DA:179,0
DA:180,0
DA:183,0
DA:188,0
DA:191,0
DA:192,0
DA:216,0
DA:237,0
DA:238,0
DA:261,0
DA:271,0
DA:281,0
DA:294,0
DA:339,0
LF:74
LH:0
BRDA:52,0,0,0
BRDA:52,0,1,0
BRDA:68,1,0,0
BRDA:68,1,1,0
BRDA:93,2,0,0
BRDA:93,2,1,0
BRDA:126,3,0,0
BRDA:126,3,1,0
BRDA:133,4,0,0
BRDA:133,4,1,0
BRDA:138,5,0,0
BRDA:138,5,1,0
BRDA:144,6,0,0
BRDA:144,6,1,0
BRDA:152,7,0,0
BRDA:152,7,1,0
BRDA:157,8,0,0
BRDA:157,8,1,0
BRDA:164,9,0,0
BRDA:164,9,1,0
BRDA:171,10,0,0
BRDA:171,10,1,0
BRDA:179,11,0,0
BRDA:179,11,1,0
BRDA:299,12,0,0
BRDA:299,12,1,0
BRF:26
BRH:0
end_of_record
TN:
SF:app/components/BackButton.jsx
FN:7,BackButton
FN:16,(anonymous_1)
FNF:2
FNH:1
FNDA:8,BackButton
FNDA:0,(anonymous_1)
DA:8,8
DA:9,8
DA:16,0
DA:23,1
LF:4
LH:3
BRF:0
BRH:0
end_of_record
TN:
SF:app/components/BudgetProgressBar.jsx
FN:7,(anonymous_0)
FN:15,(anonymous_1)
FN:55,(anonymous_2)
FN:60,(anonymous_3)
FN:64,(anonymous_4)
FN:85,(anonymous_5)
FNF:6
FNH:0
FNDA:0,(anonymous_0)
FNDA:0,(anonymous_1)
FNDA:0,(anonymous_2)
FNDA:0,(anonymous_3)
FNDA:0,(anonymous_4)
FNDA:0,(anonymous_5)
DA:7,0
DA:8,0
DA:9,0
DA:10,0
DA:11,0
DA:12,0
DA:15,0
DA:17,0
DA:22,0
DA:23,0
DA:24,0
DA:27,0
DA:29,0
DA:30,0
DA:31,0
DA:33,0
DA:37,0
DA:42,0
DA:44,0
DA:50,0
DA:51,0
DA:52,0
DA:55,0
DA:56,0
DA:60,0
DA:61,0
DA:64,0
DA:65,0
DA:66,0
DA:68,0
DA:69,0
DA:75,0
DA:77,0
DA:78,0
DA:79,0
DA:80,0
DA:81,0
DA:82,0
DA:85,0
DA:86,0
DA:87,0
DA:88,0
DA:92,0
DA:116,0
LF:44
LH:0
BRDA:22,0,0,0
BRDA:22,0,1,0
BRDA:29,1,0,0
BRDA:29,1,1,0
BRDA:50,2,0,0
BRDA:50,2,1,0
BRDA:65,3,0,0
BRDA:65,3,1,0
BRDA:65,4,0,0
BRDA:65,4,1,0
BRDA:65,4,2,0
BRDA:77,5,0,0
BRDA:77,5,1,0
BRDA:79,6,0,0
BRDA:79,6,1,0
BRDA:81,7,0,0
BRDA:81,7,1,0
BRF:17
BRH:0
end_of_record
TN:
SF:app/components/ExpensesBox.jsx
FN:3,(anonymous_0)
FNF:1
FNH:0
FNDA:0,(anonymous_0)
DA:3,0
DA:4,0
DA:21,0
LF:3
LH:0
BRF:0
BRH:0
end_of_record
TN:
SF:app/components/MonthYearPicker.jsx
FN:5,(anonymous_0)
FN:13,(anonymous_1)
FN:17,(anonymous_2)
FN:21,(anonymous_3)
FN:29,(anonymous_4)
FN:34,(anonymous_5)
FN:37,(anonymous_6)
FN:47,(anonymous_7)
FN:62,(anonymous_8)
FN:69,(anonymous_9)
FNF:10
FNH:0
FNDA:0,(anonymous_0)
FNDA:0,(anonymous_1)
FNDA:0,(anonymous_2)
FNDA:0,(anonymous_3)
FNDA:0,(anonymous_4)
FNDA:0,(anonymous_5)
FNDA:0,(anonymous_6)
FNDA:0,(anonymous_7)
FNDA:0,(anonymous_8)
FNDA:0,(anonymous_9)
DA:5,0
DA:7,0
DA:8,0
DA:9,0
DA:10,0
DA:11,0
DA:13,0
DA:14,0
DA:17,0
DA:18,0
DA:21,0
DA:23,0
DA:24,0
DA:25,0
DA:26,0
DA:29,0
DA:30,0
DA:34,0
DA:37,0
DA:38,0
DA:39,0
DA:40,0
DA:41,0
DA:43,0
DA:44,0
DA:47,0
DA:50,0
DA:62,0
DA:69,0
DA:85,0
LF:30
LH:0
BRF:0
BRH:0
end_of_record
TN:
SF:app/components/TextFieldInput.jsx
FN:5,TextFieldInput
FNF:1
FNH:0
FNDA:0,TextFieldInput
DA:6,0
DA:23,0
LF:2
LH:0
BRDA:13,0,0,0
BRDA:13,0,1,0
BRDA:13,0,2,0
BRDA:13,0,3,0
BRDA:13,0,4,0
BRF:5
BRH:0
end_of_record
TN:
SF:contexts/auth.js
FN:9,useAuth
FN:14,useProtectedRoute
FN:18,(anonymous_2)
FN:36,AuthProvider
FN:40,(anonymous_4)
FN:42,(anonymous_5)
FN:51,(anonymous_6)
FNF:7
FNH:0
FNDA:0,useAuth
FNDA:0,useProtectedRoute
FNDA:0,(anonymous_2)
FNDA:0,AuthProvider
FNDA:0,(anonymous_4)
FNDA:0,(anonymous_5)
FNDA:0,(anonymous_6)
DA:6,0
DA:10,0
DA:15,0
DA:16,0
DA:18,0
DA:19,0
DA:20,0
DA:22,0
DA:24,0
DA:25,0
DA:26,0
DA:27,0
DA:28,0
DA:29,0
DA:30,0
DA:37,0
DA:38,0
DA:40,0
DA:41,0
DA:42,0
DA:43,0
DA:44,0
DA:45,0
DA:46,0
DA:47,0
DA:51,0
DA:54,0
LF:27
LH:0
BRDA:22,0,0,0
BRDA:22,0,1,0
BRDA:22,1,0,0
BRDA:22,1,1,0
BRDA:26,2,0,0
BRDA:26,2,1,0
BRDA:26,3,0,0
BRDA:26,3,1,0
BRDA:27,4,0,0
BRDA:27,4,1,0
BRDA:29,5,0,0
BRDA:29,5,1,0
BRDA:44,6,0,0
BRDA:44,6,1,0
BRDA:46,7,0,0
BRDA:46,7,1,0
BRF:16
BRH:0
end_of_record
TN:
SF:lib/supabase.js
FN:8,(anonymous_0)
FN:11,(anonymous_1)
FN:14,(anonymous_2)
FNF:3
FNH:0
FNDA:0,(anonymous_0)
FNDA:0,(anonymous_1)
FNDA:0,(anonymous_2)
DA:7,0
DA:9,0
DA:12,0
DA:15,0
DA:20,0
DA:21,0
DA:23,0
LF:7
LH:0
BRF:0
BRH:0
end_of_record
